<?xml version="1.0" encoding="UTF-8"?>
<coverage generated="1764024449709" clover="3.2.0">
  <project timestamp="1764024449709" name="All files">
    <metrics statements="917" coveredstatements="561" conditionals="709" coveredconditionals="341" methods="148" coveredmethods="104" elements="1774" coveredelements="1006" complexity="0" loc="917" ncloc="917" packages="3" files="10" classes="10"/>
    <package name="src">
      <metrics statements="839" coveredstatements="517" conditionals="667" coveredconditionals="322" methods="131" coveredmethods="94"/>
      <file name="globals.ts" path="/Users/steipete/Projects/warelay/src/globals.ts">
        <metrics statements="11" coveredstatements="11" conditionals="2" coveredconditionals="2" methods="5" coveredmethods="5"/>
        <line num="3" count="5" type="stmt"/>
        <line num="4" count="5" type="stmt"/>
        <line num="7" count="4" type="stmt"/>
        <line num="11" count="6" type="stmt"/>
        <line num="15" count="19" type="cond" truecount="2" falsecount="0"/>
        <line num="19" count="4" type="stmt"/>
        <line num="23" count="2" type="stmt"/>
        <line num="26" count="5" type="stmt"/>
        <line num="27" count="5" type="stmt"/>
        <line num="28" count="5" type="stmt"/>
        <line num="29" count="5" type="stmt"/>
      </file>
      <file name="index.ts" path="/Users/steipete/Projects/warelay/src/index.ts">
        <metrics statements="697" coveredstatements="408" conditionals="566" coveredconditionals="271" methods="101" coveredmethods="66"/>
        <line num="49" count="3" type="stmt"/>
        <line num="51" count="3" type="stmt"/>
        <line num="79" count="3" type="stmt"/>
        <line num="194" count="3" type="stmt"/>
        <line num="198" count="1" type="stmt"/>
        <line num="199" count="1" type="stmt"/>
        <line num="203" count="3" type="stmt"/>
        <line num="213" count="9" type="cond" truecount="3" falsecount="1"/>
        <line num="214" count="0" type="stmt"/>
        <line num="219" count="9" type="cond" truecount="3" falsecount="1"/>
        <line num="220" count="0" type="stmt"/>
        <line num="225" count="9" type="cond" truecount="2" falsecount="4"/>
        <line num="226" count="0" type="stmt"/>
        <line num="236" count="9" type="stmt"/>
        <line num="237" count="9" type="cond" truecount="1" falsecount="1"/>
        <line num="238" count="0" type="stmt"/>
        <line num="239" count="0" type="stmt"/>
        <line num="240" count="0" type="stmt"/>
        <line num="250" count="9" type="stmt"/>
        <line num="253" count="9" type="cond" truecount="4" falsecount="0"/>
        <line num="257" count="9" type="stmt"/>
        <line num="265" count="3" type="stmt"/>
        <line num="277" count="1" type="cond" truecount="1" falsecount="1"/>
        <line num="278" count="0" type="stmt"/>
        <line num="280" count="1" type="stmt"/>
        <line num="281" count="1" type="stmt"/>
        <line num="286" count="1" type="cond" truecount="1" falsecount="1"/>
        <line num="287" count="0" type="cond" truecount="0" falsecount="2"/>
        <line num="288" count="0" type="cond" truecount="0" falsecount="2"/>
        <line num="290" count="1" type="stmt"/>
        <line num="292" count="0" type="cond" truecount="0" falsecount="2"/>
        <line num="293" count="0" type="stmt"/>
        <line num="295" count="0" type="stmt"/>
        <line num="312" count="2" type="stmt"/>
        <line num="313" count="2" type="stmt"/>
        <line num="316" count="2" type="stmt"/>
        <line num="317" count="2" type="stmt"/>
        <line num="318" count="2" type="stmt"/>
        <line num="319" count="2" type="stmt"/>
        <line num="320" count="1" type="stmt"/>
        <line num="323" count="2" type="stmt"/>
        <line num="324" count="1" type="stmt"/>
        <line num="326" count="2" type="stmt"/>
        <line num="327" count="0" type="stmt"/>
        <line num="329" count="2" type="stmt"/>
        <line num="330" count="0" type="cond" truecount="0" falsecount="2"/>
        <line num="331" count="0" type="stmt"/>
        <line num="332" count="0" type="stmt"/>
        <line num="333" count="0" type="stmt"/>
        <line num="335" count="2" type="stmt"/>
        <line num="336" count="2" type="cond" truecount="1" falsecount="1"/>
        <line num="337" count="2" type="stmt"/>
        <line num="338" count="2" type="stmt"/>
        <line num="339" count="2" type="stmt"/>
        <line num="350" count="2" type="stmt"/>
        <line num="351" count="2" type="stmt"/>
        <line num="352" count="2" type="stmt"/>
        <line num="353" count="2" type="stmt"/>
        <line num="358" count="1" type="cond" truecount="3" falsecount="0"/>
        <line num="363" count="1" type="stmt"/>
        <line num="364" count="1" type="stmt"/>
        <line num="370" count="1" type="stmt"/>
        <line num="371" count="1" type="cond" truecount="1" falsecount="1"/>
        <line num="373" count="0" type="stmt"/>
        <line num="375" count="0" type="stmt"/>
        <line num="380" count="1" type="stmt"/>
        <line num="381" count="1" type="stmt"/>
        <line num="382" count="1" type="stmt"/>
        <line num="384" count="1" type="stmt"/>
        <line num="386" count="0" type="stmt"/>
        <line num="391" count="1" type="cond" truecount="3" falsecount="1"/>
        <line num="392" count="1" type="stmt"/>
        <line num="393" count="1" type="stmt"/>
        <line num="395" count="0" type="stmt"/>
        <line num="405" count="1" type="cond" truecount="1" falsecount="1"/>
        <line num="410" count="1" type="cond" truecount="1" falsecount="1"/>
        <line num="413" count="0" type="stmt"/>
        <line num="414" count="0" type="cond" truecount="0" falsecount="2"/>
        <line num="415" count="0" type="stmt"/>
        <line num="416" count="0" type="stmt"/>
        <line num="417" count="0" type="cond" truecount="0" falsecount="2"/>
        <line num="418" count="0" type="stmt"/>
        <line num="425" count="1" type="stmt"/>
        <line num="430" count="1" type="stmt"/>
        <line num="432" count="0" type="stmt"/>
        <line num="433" count="0" type="stmt"/>
        <line num="442" count="0" type="stmt"/>
        <line num="443" count="0" type="stmt"/>
        <line num="444" count="0" type="stmt"/>
        <line num="452" count="0" type="cond" truecount="0" falsecount="4"/>
        <line num="453" count="0" type="cond" truecount="0" falsecount="2"/>
        <line num="454" count="0" type="stmt"/>
        <line num="455" count="0" type="cond" truecount="0" falsecount="2"/>
        <line num="456" count="0" type="stmt"/>
        <line num="459" count="0" type="stmt"/>
        <line num="460" count="0" type="cond" truecount="0" falsecount="2"/>
        <line num="461" count="0" type="stmt"/>
        <line num="464" count="3" type="stmt"/>
        <line num="497" count="2" type="stmt"/>
        <line num="498" count="2" type="cond" truecount="1" falsecount="1"/>
        <line num="499" count="2" type="stmt"/>
        <line num="500" count="2" type="stmt"/>
        <line num="501" count="2" type="cond" truecount="3" falsecount="1"/>
        <line num="502" count="2" type="stmt"/>
        <line num="504" count="0" type="stmt"/>
        <line num="505" count="0" type="stmt"/>
        <line num="522" count="14" type="stmt"/>
        <line num="523" count="6" type="stmt"/>
        <line num="524" count="6" type="cond" truecount="1" falsecount="1"/>
        <line num="536" count="3" type="stmt"/>
        <line num="537" count="3" type="stmt"/>
        <line num="538" count="3" type="stmt"/>
        <line num="541" count="6" type="cond" truecount="2" falsecount="0"/>
        <line num="542" count="2" type="cond" truecount="1" falsecount="1"/>
        <line num="543" count="2" type="stmt"/>
        <line num="547" count="4" type="stmt"/>
        <line num="548" count="4" type="stmt"/>
        <line num="549" count="4" type="stmt"/>
        <line num="550" count="4" type="cond" truecount="4" falsecount="0"/>
        <line num="551" count="3" type="stmt"/>
        <line num="556" count="1" type="stmt"/>
        <line num="560" count="4" type="stmt"/>
        <line num="561" count="4" type="stmt"/>
        <line num="565" count="4" type="cond" truecount="1" falsecount="1"/>
        <line num="566" count="4" type="cond" truecount="1" falsecount="1"/>
        <line num="567" count="4" type="cond" truecount="1" falsecount="1"/>
        <line num="577" count="6" type="cond" truecount="2" falsecount="0"/>
        <line num="578" count="6" type="stmt"/>
        <line num="579" count="6" type="cond" truecount="2" falsecount="0"/>
        <line num="580" count="6" type="stmt"/>
        <line num="581" count="6" type="stmt"/>
        <line num="582" count="6" type="stmt"/>
        <line num="583" count="4" type="cond" truecount="1" falsecount="1"/>
        <line num="584" count="4" type="stmt"/>
        <line num="585" count="4" type="stmt"/>
        <line num="589" count="6" type="stmt"/>
        <line num="591" count="6" type="cond" truecount="2" falsecount="0"/>
        <line num="594" count="6" type="cond" truecount="2" falsecount="0"/>
        <line num="595" count="6" type="cond" truecount="2" falsecount="0"/>
        <line num="596" count="6" type="stmt"/>
        <line num="599" count="6" type="stmt"/>
        <line num="602" count="6" type="cond" truecount="2" falsecount="0"/>
        <line num="603" count="4" type="cond" truecount="1" falsecount="1"/>
        <line num="604" count="4" type="stmt"/>
        <line num="605" count="4" type="cond" truecount="1" falsecount="1"/>
        <line num="606" count="4" type="cond" truecount="1" falsecount="1"/>
        <line num="607" count="0" type="stmt"/>
        <line num="608" count="0" type="stmt"/>
        <line num="609" count="0" type="stmt"/>
        <line num="611" count="4" type="stmt"/>
        <line num="612" count="4" type="cond" truecount="2" falsecount="0"/>
        <line num="613" count="1" type="stmt"/>
        <line num="614" count="1" type="stmt"/>
        <line num="615" count="1" type="stmt"/>
        <line num="619" count="4" type="stmt"/>
        <line num="620" count="4" type="stmt"/>
        <line num="621" count="4" type="stmt"/>
        <line num="622" count="4" type="stmt"/>
        <line num="623" count="4" type="cond" truecount="2" falsecount="0"/>
        <line num="625" count="4" type="cond" truecount="4" falsecount="0"/>
        <line num="626" count="3" type="stmt"/>
        <line num="628" count="1" type="stmt"/>
        <line num="629" count="1" type="stmt"/>
        <line num="632" count="4" type="stmt"/>
        <line num="633" count="4" type="stmt"/>
        <line num="636" count="5" type="stmt"/>
        <line num="644" count="6" type="cond" truecount="2" falsecount="0"/>
        <line num="647" count="6" type="cond" truecount="2" falsecount="0"/>
        <line num="650" count="6" type="stmt"/>
        <line num="657" count="6" type="stmt"/>
        <line num="658" count="6" type="cond" truecount="4" falsecount="0"/>
        <line num="659" count="2" type="cond" truecount="1" falsecount="1"/>
        <line num="660" count="2" type="cond" truecount="2" falsecount="0"/>
        <line num="661" count="1" type="stmt"/>
        <line num="664" count="1" type="stmt"/>
        <line num="667" count="4" type="cond" truecount="1" falsecount="1"/>
        <line num="668" count="0" type="stmt"/>
        <line num="669" count="0" type="stmt"/>
        <line num="672" count="4" type="cond" truecount="4" falsecount="0"/>
        <line num="673" count="2" type="stmt"/>
        <line num="674" count="2" type="stmt"/>
        <line num="675" count="2" type="stmt"/>
        <line num="678" count="2" type="cond" truecount="3" falsecount="1"/>
        <line num="679" count="2" type="stmt"/>
        <line num="680" count="4" type="stmt"/>
        <line num="681" count="2" type="cond" truecount="1" falsecount="1"/>
        <line num="684" count="2" type="cond" truecount="3" falsecount="1"/>
        <line num="685" count="2" type="stmt"/>
        <line num="689" count="2" type="cond" truecount="1" falsecount="1"/>
        <line num="690" count="2" type="cond" truecount="2" falsecount="0"/>
        <line num="693" count="4" type="stmt"/>
        <line num="694" count="2" type="cond" truecount="1" falsecount="1"/>
        <line num="695" count="2" type="cond" truecount="2" falsecount="0"/>
        <line num="696" count="2" type="cond" truecount="3" falsecount="1"/>
        <line num="697" count="2" type="stmt"/>
        <line num="704" count="2" type="stmt"/>
        <line num="705" count="2" type="stmt"/>
        <line num="706" count="2" type="stmt"/>
        <line num="707" count="2" type="stmt"/>
        <line num="709" count="2" type="stmt"/>
        <line num="710" count="2" type="stmt"/>
        <line num="711" count="2" type="cond" truecount="1" falsecount="1"/>
        <line num="712" count="0" type="stmt"/>
        <line num="714" count="2" type="stmt"/>
        <line num="717" count="2" type="stmt"/>
        <line num="718" count="2" type="cond" truecount="2" falsecount="2"/>
        <line num="719" count="0" type="stmt"/>
        <line num="722" count="0" type="stmt"/>
        <line num="724" count="2" type="cond" truecount="2" falsecount="2"/>
        <line num="725" count="0" type="stmt"/>
        <line num="728" count="0" type="stmt"/>
        <line num="730" count="2" type="cond" truecount="1" falsecount="1"/>
        <line num="732" count="0" type="stmt"/>
        <line num="733" count="0" type="stmt"/>
        <line num="734" count="0" type="cond" truecount="0" falsecount="2"/>
        <line num="735" count="0" type="stmt"/>
        <line num="739" count="0" type="cond" truecount="0" falsecount="2"/>
        <line num="740" count="0" type="stmt"/>
        <line num="742" count="0" type="cond" truecount="0" falsecount="2"/>
        <line num="743" count="0" type="stmt"/>
        <line num="747" count="0" type="stmt"/>
        <line num="749" count="0" type="stmt"/>
        <line num="753" count="0" type="stmt"/>
        <line num="763" count="2" type="stmt"/>
        <line num="770" count="2" type="stmt"/>
        <line num="773" count="1" type="stmt"/>
        <line num="777" count="1" type="cond" truecount="1" falsecount="1"/>
        <line num="779" count="1" type="stmt"/>
        <line num="780" count="1" type="stmt"/>
        <line num="781" count="1" type="cond" truecount="3" falsecount="1"/>
        <line num="782" count="0" type="cond" truecount="0" falsecount="2"/>
        <line num="783" count="0" type="stmt"/>
        <line num="787" count="0" type="stmt"/>
        <line num="790" count="1" type="stmt"/>
        <line num="794" count="1" type="stmt"/>
        <line num="795" count="1" type="stmt"/>
        <line num="800" count="1" type="cond" truecount="1" falsecount="1"/>
        <line num="801" count="0" type="stmt"/>
        <line num="808" count="0" type="cond" truecount="0" falsecount="2"/>
        <line num="814" count="4" type="cond" truecount="2" falsecount="0"/>
        <line num="815" count="2" type="stmt"/>
        <line num="819" count="2" type="stmt"/>
        <line num="830" count="3" type="cond" truecount="2" falsecount="0"/>
        <line num="831" count="1" type="stmt"/>
        <line num="832" count="1" type="stmt"/>
        <line num="834" count="2" type="stmt"/>
        <line num="835" count="2" type="stmt"/>
        <line num="836" count="2" type="stmt"/>
        <line num="844" count="2" type="stmt"/>
        <line num="846" count="0" type="cond" truecount="0" falsecount="2"/>
        <line num="847" count="0" type="stmt"/>
        <line num="848" count="0" type="stmt"/>
        <line num="859" count="2" type="stmt"/>
        <line num="860" count="2" type="stmt"/>
        <line num="861" count="2" type="stmt"/>
        <line num="862" count="2" type="stmt"/>
        <line num="864" count="2" type="stmt"/>
        <line num="865" count="2" type="stmt"/>
        <line num="871" count="2" type="stmt"/>
        <line num="876" count="2" type="stmt"/>
        <line num="878" count="0" type="stmt"/>
        <line num="885" count="0" type="stmt"/>
        <line num="887" count="0" type="cond" truecount="0" falsecount="2"/>
        <line num="890" count="0" type="stmt"/>
        <line num="891" count="0" type="stmt"/>
        <line num="894" count="0" type="cond" truecount="0" falsecount="2"/>
        <line num="896" count="0" type="stmt"/>
        <line num="897" count="0" type="cond" truecount="0" falsecount="2"/>
        <line num="898" count="0" type="stmt"/>
        <line num="900" count="0" type="stmt"/>
        <line num="904" count="3" type="stmt"/>
        <line num="905" count="3" type="stmt"/>
        <line num="915" count="2" type="stmt"/>
        <line num="916" count="2" type="stmt"/>
        <line num="917" count="832" type="stmt"/>
        <line num="918" count="832" type="cond" truecount="1" falsecount="1"/>
        <line num="919" count="832" type="cond" truecount="2" falsecount="0"/>
        <line num="920" count="1" type="stmt"/>
        <line num="921" count="1" type="stmt"/>
        <line num="923" count="831" type="cond" truecount="2" falsecount="0"/>
        <line num="924" count="830" type="stmt"/>
        <line num="929" count="830" type="stmt"/>
        <line num="931" count="831" type="stmt"/>
        <line num="933" count="1" type="stmt"/>
        <line num="945" count="1" type="stmt"/>
        <line num="947" count="1" type="stmt"/>
        <line num="948" count="1" type="stmt"/>
        <line num="951" count="1" type="stmt"/>
        <line num="952" count="1" type="stmt"/>
        <line num="953" count="1" type="stmt"/>
        <line num="954" count="1" type="stmt"/>
        <line num="957" count="1" type="stmt"/>
        <line num="958" count="1" type="cond" truecount="1" falsecount="1"/>
        <line num="959" count="1" type="stmt"/>
        <line num="964" count="1" type="cond" truecount="1" falsecount="3"/>
        <line num="966" count="1" type="stmt"/>
        <line num="967" count="1" type="stmt"/>
        <line num="968" count="1" type="cond" truecount="1" falsecount="1"/>
        <line num="969" count="1" type="stmt"/>
        <line num="977" count="0" type="stmt"/>
        <line num="982" count="1" type="cond" truecount="1" falsecount="1"/>
        <line num="983" count="0" type="stmt"/>
        <line num="984" count="0" type="stmt"/>
        <line num="989" count="0" type="cond" truecount="0" falsecount="2"/>
        <line num="990" count="0" type="stmt"/>
        <line num="993" count="0" type="cond" truecount="0" falsecount="2"/>
        <line num="998" count="1" type="stmt"/>
        <line num="1001" count="1" type="stmt"/>
        <line num="1002" count="0" type="cond" truecount="0" falsecount="2"/>
        <line num="1003" count="0" type="stmt"/>
        <line num="1006" count="1" type="stmt"/>
        <line num="1007" count="1" type="stmt"/>
        <line num="1009" count="1" type="stmt"/>
        <line num="1010" count="1" type="stmt"/>
        <line num="1011" count="1" type="stmt"/>
        <line num="1014" count="1" type="stmt"/>
        <line num="1017" count="1" type="stmt"/>
        <line num="1018" count="0" type="stmt"/>
        <line num="1019" count="0" type="stmt"/>
        <line num="1022" count="1" type="stmt"/>
        <line num="1023" count="1" type="stmt"/>
        <line num="1024" count="1" type="stmt"/>
        <line num="1027" count="1" type="stmt"/>
        <line num="1028" count="1" type="stmt"/>
        <line num="1034" count="0" type="stmt"/>
        <line num="1035" count="0" type="stmt"/>
        <line num="1036" count="0" type="stmt"/>
        <line num="1043" count="2" type="stmt"/>
        <line num="1044" count="2" type="cond" truecount="1" falsecount="1"/>
        <line num="1046" count="2" type="cond" truecount="3" falsecount="1"/>
        <line num="1050" count="2" type="cond" truecount="2" falsecount="0"/>
        <line num="1051" count="2" type="cond" truecount="2" falsecount="0"/>
        <line num="1054" count="2" type="cond" truecount="4" falsecount="0"/>
        <line num="1055" count="1" type="cond" truecount="1" falsecount="1"/>
        <line num="1056" count="0" type="stmt"/>
        <line num="1065" count="1" type="stmt"/>
        <line num="1066" count="0" type="stmt"/>
        <line num="1067" count="1" type="stmt"/>
        <line num="1069" count="1" type="cond" truecount="1" falsecount="1"/>
        <line num="1070" count="1" type="stmt"/>
        <line num="1074" count="1" type="cond" truecount="1" falsecount="1"/>
        <line num="1075" count="0" type="stmt"/>
        <line num="1076" count="0" type="stmt"/>
        <line num="1078" count="1" type="stmt"/>
        <line num="1079" count="1" type="stmt"/>
        <line num="1088" count="1" type="stmt"/>
        <line num="1089" count="0" type="stmt"/>
        <line num="1090" count="1" type="stmt"/>
        <line num="1092" count="1" type="cond" truecount="1" falsecount="1"/>
        <line num="1094" count="1" type="stmt"/>
        <line num="1098" count="1" type="cond" truecount="1" falsecount="1"/>
        <line num="1099" count="0" type="stmt"/>
        <line num="1100" count="0" type="stmt"/>
        <line num="1102" count="1" type="stmt"/>
        <line num="1103" count="1" type="stmt"/>
        <line num="1113" count="2" type="stmt"/>
        <line num="1114" count="2" type="stmt"/>
        <line num="1117" count="1" type="cond" truecount="1" falsecount="1"/>
        <line num="1120" count="2" type="cond" truecount="3" falsecount="1"/>
        <line num="1121" count="0" type="stmt"/>
        <line num="1124" count="0" type="stmt"/>
        <line num="1129" count="0" type="stmt"/>
        <line num="1134" count="0" type="stmt"/>
        <line num="1138" count="0" type="cond" truecount="0" falsecount="2"/>
        <line num="1139" count="0" type="stmt"/>
        <line num="1140" count="0" type="stmt"/>
        <line num="1143" count="1" type="stmt"/>
        <line num="1144" count="1" type="stmt"/>
        <line num="1152" count="1" type="cond" truecount="1" falsecount="1"/>
        <line num="1154" count="1" type="stmt"/>
        <line num="1155" count="1" type="cond" truecount="1" falsecount="1"/>
        <line num="1156" count="1" type="cond" truecount="1" falsecount="1"/>
        <line num="1157" count="1" type="cond" truecount="1" falsecount="1"/>
        <line num="1158" count="1" type="stmt"/>
        <line num="1159" count="1" type="stmt"/>
        <line num="1160" count="1" type="cond" truecount="1" falsecount="1"/>
        <line num="1161" count="0" type="stmt"/>
        <line num="1163" count="1" type="stmt"/>
        <line num="1170" count="1" type="cond" truecount="1" falsecount="1"/>
        <line num="1174" count="0" type="stmt"/>
        <line num="1180" count="1" type="stmt"/>
        <line num="1183" count="1" type="stmt"/>
        <line num="1188" count="1" type="cond" truecount="1" falsecount="1"/>
        <line num="1189" count="0" type="cond" truecount="0" falsecount="2"/>
        <line num="1190" count="0" type="cond" truecount="0" falsecount="2"/>
        <line num="1191" count="0" type="stmt"/>
        <line num="1193" count="1" type="stmt"/>
        <line num="1204" count="2" type="cond" truecount="2" falsecount="0"/>
        <line num="1205" count="1" type="stmt"/>
        <line num="1206" count="1" type="stmt"/>
        <line num="1208" count="1" type="stmt"/>
        <line num="1211" count="1" type="stmt"/>
        <line num="1212" count="1" type="stmt"/>
        <line num="1216" count="1" type="cond" truecount="1" falsecount="1"/>
        <line num="1217" count="0" type="stmt"/>
        <line num="1219" count="1" type="stmt"/>
        <line num="1221" count="1" type="cond" truecount="3" falsecount="1"/>
        <line num="1226" count="1" type="cond" truecount="3" falsecount="1"/>
        <line num="1227" count="0" type="stmt"/>
        <line num="1231" count="1" type="stmt"/>
        <line num="1233" count="0" type="stmt"/>
        <line num="1234" count="0" type="cond" truecount="0" falsecount="2"/>
        <line num="1235" count="0" type="stmt"/>
        <line num="1237" count="0" type="stmt"/>
        <line num="1242" count="0" type="stmt"/>
        <line num="1250" count="1" type="stmt"/>
        <line num="1251" count="1" type="stmt"/>
        <line num="1252" count="1" type="stmt"/>
        <line num="1253" count="1" type="stmt"/>
        <line num="1257" count="1" type="cond" truecount="3" falsecount="1"/>
        <line num="1258" count="1" type="cond" truecount="2" falsecount="2"/>
        <line num="1259" count="0" type="stmt"/>
        <line num="1263" count="1" type="cond" truecount="1" falsecount="1"/>
        <line num="1265" count="0" type="cond" truecount="0" falsecount="2"/>
        <line num="1266" count="0" type="stmt"/>
        <line num="1275" count="2" type="stmt"/>
        <line num="1276" count="2" type="stmt"/>
        <line num="1277" count="2" type="stmt"/>
        <line num="1278" count="2" type="stmt"/>
        <line num="1283" count="2" type="cond" truecount="1" falsecount="1"/>
        <line num="1285" count="2" type="stmt"/>
        <line num="1287" count="0" type="cond" truecount="0" falsecount="2"/>
        <line num="1288" count="0" type="stmt"/>
        <line num="1297" count="1" type="stmt"/>
        <line num="1298" count="1" type="cond" truecount="1" falsecount="1"/>
        <line num="1299" count="1" type="stmt"/>
        <line num="1300" count="1" type="stmt"/>
        <line num="1304" count="1" type="stmt"/>
        <line num="1305" count="1" type="stmt"/>
        <line num="1306" count="1" type="stmt"/>
        <line num="1311" count="1" type="stmt"/>
        <line num="1313" count="0" type="cond" truecount="0" falsecount="2"/>
        <line num="1314" count="0" type="stmt"/>
        <line num="1326" count="1" type="stmt"/>
        <line num="1327" count="1" type="stmt"/>
        <line num="1330" count="1" type="stmt"/>
        <line num="1331" count="1" type="stmt"/>
        <line num="1343" count="1" type="stmt"/>
        <line num="1347" count="1" type="cond" truecount="1" falsecount="1"/>
        <line num="1348" count="1" type="cond" truecount="1" falsecount="1"/>
        <line num="1349" count="1" type="stmt"/>
        <line num="1350" count="1" type="stmt"/>
        <line num="1352" count="0" type="cond" truecount="0" falsecount="2"/>
        <line num="1353" count="0" type="stmt"/>
        <line num="1357" count="0" type="cond" truecount="0" falsecount="2"/>
        <line num="1358" count="0" type="stmt"/>
        <line num="1365" count="0" type="stmt"/>
        <line num="1366" count="0" type="stmt"/>
        <line num="1374" count="0" type="stmt"/>
        <line num="1378" count="0" type="cond" truecount="0" falsecount="2"/>
        <line num="1379" count="1" type="cond" truecount="1" falsecount="1"/>
        <line num="1380" count="0" type="stmt"/>
        <line num="1381" count="0" type="stmt"/>
        <line num="1383" count="0" type="cond" truecount="0" falsecount="2"/>
        <line num="1384" count="0" type="stmt"/>
        <line num="1388" count="0" type="cond" truecount="0" falsecount="2"/>
        <line num="1389" count="0" type="stmt"/>
        <line num="1396" count="0" type="stmt"/>
        <line num="1397" count="0" type="cond" truecount="0" falsecount="2"/>
        <line num="1398" count="0" type="stmt"/>
        <line num="1402" count="0" type="stmt"/>
        <line num="1406" count="0" type="cond" truecount="0" falsecount="2"/>
        <line num="1407" count="0" type="stmt"/>
        <line num="1412" count="0" type="stmt"/>
        <line num="1415" count="0" type="cond" truecount="0" falsecount="2"/>
        <line num="1416" count="0" type="stmt"/>
        <line num="1423" count="0" type="stmt"/>
        <line num="1424" count="0" type="stmt"/>
        <line num="1425" count="0" type="cond" truecount="0" falsecount="2"/>
        <line num="1426" count="0" type="stmt"/>
        <line num="1427" count="0" type="stmt"/>
        <line num="1431" count="0" type="stmt"/>
        <line num="1432" count="0" type="stmt"/>
        <line num="1435" count="0" type="cond" truecount="0" falsecount="2"/>
        <line num="1439" count="0" type="stmt"/>
        <line num="1444" count="0" type="cond" truecount="0" falsecount="2"/>
        <line num="1446" count="0" type="stmt"/>
        <line num="1447" count="0" type="stmt"/>
        <line num="1452" count="0" type="stmt"/>
        <line num="1457" count="0" type="stmt"/>
        <line num="1469" count="3" type="stmt"/>
        <line num="1470" count="3" type="stmt"/>
        <line num="1471" count="3" type="cond" truecount="2" falsecount="0"/>
        <line num="1472" count="3" type="cond" truecount="2" falsecount="0"/>
        <line num="1473" count="3" type="cond" truecount="2" falsecount="0"/>
        <line num="1474" count="3" type="cond" truecount="2" falsecount="0"/>
        <line num="1475" count="3" type="cond" truecount="2" falsecount="0"/>
        <line num="1483" count="2" type="cond" truecount="2" falsecount="0"/>
        <line num="1484" count="2" type="stmt"/>
        <line num="1487" count="2" type="stmt"/>
        <line num="1488" count="2" type="cond" truecount="2" falsecount="0"/>
        <line num="1489" count="1" type="stmt"/>
        <line num="1500" count="1" type="stmt"/>
        <line num="1501" count="1" type="cond" truecount="1" falsecount="1"/>
        <line num="1502" count="1" type="stmt"/>
        <line num="1504" count="1" type="stmt"/>
        <line num="1505" count="1" type="stmt"/>
        <line num="1507" count="1" type="stmt"/>
        <line num="1511" count="1" type="stmt"/>
        <line num="1512" count="1" type="cond" truecount="1" falsecount="1"/>
        <line num="1513" count="1" type="cond" truecount="1" falsecount="1"/>
        <line num="1514" count="0" type="stmt"/>
        <line num="1518" count="1" type="stmt"/>
        <line num="1519" count="1" type="stmt"/>
        <line num="1520" count="0" type="cond" truecount="0" falsecount="2"/>
        <line num="1521" count="0" type="stmt"/>
        <line num="1522" count="0" type="stmt"/>
        <line num="1525" count="1" type="stmt"/>
        <line num="1526" count="1" type="cond" truecount="2" falsecount="0"/>
        <line num="1527" count="1" type="stmt"/>
        <line num="1528" count="1" type="stmt"/>
        <line num="1534" count="1" type="stmt"/>
        <line num="1535" count="1" type="stmt"/>
        <line num="1537" count="0" type="cond" truecount="0" falsecount="2"/>
        <line num="1538" count="0" type="cond" truecount="0" falsecount="2"/>
        <line num="1539" count="0" type="stmt"/>
        <line num="1542" count="1" type="stmt"/>
        <line num="1543" count="1" type="cond" truecount="1" falsecount="1"/>
        <line num="1544" count="1" type="stmt"/>
        <line num="1545" count="1" type="cond" truecount="1" falsecount="1"/>
        <line num="1546" count="1" type="cond" truecount="1" falsecount="1"/>
        <line num="1547" count="1" type="cond" truecount="1" falsecount="1"/>
        <line num="1548" count="1" type="stmt"/>
        <line num="1549" count="1" type="stmt"/>
        <line num="1552" count="0" type="stmt"/>
        <line num="1555" count="1" type="stmt"/>
        <line num="1556" count="1" type="stmt"/>
        <line num="1567" count="1" type="stmt"/>
        <line num="1570" count="1" type="cond" truecount="1" falsecount="1"/>
        <line num="1573" count="1" type="stmt"/>
        <line num="1575" count="1" type="stmt"/>
        <line num="1586" count="1" type="cond" truecount="1" falsecount="1"/>
        <line num="1587" count="1" type="stmt"/>
        <line num="1588" count="1" type="stmt"/>
        <line num="1589" count="1" type="cond" truecount="1" falsecount="1"/>
        <line num="1590" count="0" type="stmt"/>
        <line num="1593" count="0" type="stmt"/>
        <line num="1600" count="1" type="stmt"/>
        <line num="1605" count="1" type="stmt"/>
        <line num="1606" count="0" type="stmt"/>
        <line num="1607" count="0" type="stmt"/>
        <line num="1608" count="0" type="stmt"/>
        <line num="1612" count="1" type="cond" truecount="1" falsecount="1"/>
        <line num="1613" count="0" type="stmt"/>
        <line num="1629" count="0" type="stmt"/>
        <line num="1630" count="0" type="stmt"/>
        <line num="1631" count="0" type="stmt"/>
        <line num="1633" count="0" type="cond" truecount="0" falsecount="4"/>
        <line num="1634" count="0" type="stmt"/>
        <line num="1636" count="0" type="cond" truecount="0" falsecount="4"/>
        <line num="1637" count="0" type="stmt"/>
        <line num="1640" count="0" type="cond" truecount="0" falsecount="2"/>
        <line num="1641" count="0" type="cond" truecount="0" falsecount="2"/>
        <line num="1642" count="0" type="stmt"/>
        <line num="1644" count="0" type="stmt"/>
        <line num="1645" count="0" type="stmt"/>
        <line num="1648" count="0" type="stmt"/>
        <line num="1649" count="0" type="cond" truecount="0" falsecount="2"/>
        <line num="1650" count="0" type="cond" truecount="0" falsecount="2"/>
        <line num="1651" count="0" type="stmt"/>
        <line num="1665" count="0" type="stmt"/>
        <line num="1666" count="0" type="stmt"/>
        <line num="1667" count="0" type="cond" truecount="0" falsecount="5"/>
        <line num="1668" count="0" type="stmt"/>
        <line num="1670" count="0" type="cond" truecount="0" falsecount="4"/>
        <line num="1671" count="0" type="stmt"/>
        <line num="1674" count="0" type="stmt"/>
        <line num="1675" count="0" type="cond" truecount="0" falsecount="2"/>
        <line num="1676" count="0" type="stmt"/>
        <line num="1677" count="0" type="stmt"/>
        <line num="1679" count="0" type="cond" truecount="0" falsecount="2"/>
        <line num="1680" count="0" type="stmt"/>
        <line num="1681" count="0" type="stmt"/>
        <line num="1683" count="0" type="stmt"/>
        <line num="1684" count="0" type="stmt"/>
        <line num="1699" count="0" type="stmt"/>
        <line num="1700" count="0" type="cond" truecount="0" falsecount="5"/>
        <line num="1701" count="0" type="stmt"/>
        <line num="1703" count="0" type="stmt"/>
        <line num="1705" count="0" type="stmt"/>
        <line num="1711" count="0" type="stmt"/>
        <line num="1725" count="0" type="stmt"/>
        <line num="1726" count="0" type="cond" truecount="0" falsecount="5"/>
        <line num="1727" count="0" type="stmt"/>
        <line num="1730" count="0" type="stmt"/>
        <line num="1733" count="0" type="stmt"/>
        <line num="1734" count="0" type="stmt"/>
        <line num="1737" count="0" type="stmt"/>
        <line num="1738" count="0" type="stmt"/>
        <line num="1739" count="0" type="stmt"/>
        <line num="1740" count="0" type="stmt"/>
        <line num="1743" count="0" type="stmt"/>
        <line num="1751" count="0" type="stmt"/>
        <line num="1752" count="0" type="stmt"/>
        <line num="1757" count="0" type="stmt"/>
        <line num="1759" count="0" type="stmt"/>
        <line num="1762" count="0" type="stmt"/>
        <line num="1778" count="3" type="stmt"/>
        <line num="1779" count="3" type="stmt"/>
        <line num="1780" count="3" type="stmt"/>
        <line num="1781" count="7" type="cond" truecount="2" falsecount="0"/>
        <line num="1782" count="6" type="stmt"/>
        <line num="1783" count="6" type="stmt"/>
        <line num="1785" count="3" type="stmt"/>
        <line num="1789" count="3" type="stmt"/>
        <line num="1790" count="3" type="cond" truecount="1" falsecount="1"/>
        <line num="1791" count="3" type="cond" truecount="1" falsecount="1"/>
        <line num="1792" count="3" type="stmt"/>
        <line num="1797" count="1" type="cond" truecount="1" falsecount="1"/>
        <line num="1799" count="1" type="cond" truecount="1" falsecount="1"/>
        <line num="1804" count="1" type="cond" truecount="1" falsecount="1"/>
        <line num="1806" count="1" type="cond" truecount="1" falsecount="1"/>
        <line num="1809" count="1" type="cond" truecount="1" falsecount="1"/>
        <line num="1811" count="1" type="cond" truecount="2" falsecount="2"/>
        <line num="1812" count="1" type="cond" truecount="2" falsecount="2"/>
        <line num="1820" count="2" type="stmt"/>
        <line num="1821" count="2" type="cond" truecount="2" falsecount="0"/>
        <line num="1822" count="2" type="stmt"/>
        <line num="1823" count="2" type="stmt"/>
        <line num="1826" count="2" type="stmt"/>
        <line num="1827" count="2" type="stmt"/>
        <line num="1832" count="2" type="stmt"/>
        <line num="1838" count="2" type="stmt"/>
        <line num="1839" count="4" type="stmt"/>
        <line num="1852" count="2" type="stmt"/>
        <line num="1855" count="3" type="stmt"/>
        <line num="1860" count="3" type="stmt"/>
        <line num="1865" count="0" type="stmt"/>
        <line num="1866" count="0" type="stmt"/>
        <line num="1867" count="0" type="stmt"/>
        <line num="1869" count="0" type="stmt"/>
        <line num="1870" count="0" type="stmt"/>
        <line num="1874" count="3" type="stmt"/>
        <line num="1894" count="2" type="stmt"/>
        <line num="1895" count="2" type="stmt"/>
        <line num="1896" count="2" type="stmt"/>
        <line num="1898" count="0" type="stmt"/>
        <line num="1899" count="0" type="stmt"/>
        <line num="1903" count="3" type="stmt"/>
        <line num="1916" count="0" type="stmt"/>
        <line num="1917" count="0" type="stmt"/>
        <line num="1919" count="0" type="cond" truecount="0" falsecount="4"/>
        <line num="1920" count="0" type="stmt"/>
        <line num="1921" count="0" type="stmt"/>
        <line num="1923" count="0" type="cond" truecount="0" falsecount="4"/>
        <line num="1924" count="0" type="stmt"/>
        <line num="1925" count="0" type="stmt"/>
        <line num="1928" count="0" type="stmt"/>
        <line num="1931" count="3" type="stmt"/>
        <line num="1944" count="0" type="stmt"/>
        <line num="1945" count="0" type="stmt"/>
        <line num="1948" count="3" type="stmt"/>
        <line num="1963" count="0" type="stmt"/>
        <line num="1964" count="0" type="stmt"/>
        <line num="1965" count="0" type="stmt"/>
        <line num="1967" count="0" type="stmt"/>
        <line num="1968" count="0" type="stmt"/>
        <line num="1972" count="3" type="stmt"/>
        <line num="1986" count="0" type="stmt"/>
        <line num="1987" count="0" type="stmt"/>
        <line num="1988" count="0" type="stmt"/>
        <line num="1990" count="0" type="cond" truecount="0" falsecount="4"/>
        <line num="1991" count="0" type="stmt"/>
        <line num="1992" count="0" type="stmt"/>
        <line num="1994" count="0" type="cond" truecount="0" falsecount="4"/>
        <line num="1995" count="0" type="stmt"/>
        <line num="1996" count="0" type="stmt"/>
        <line num="1999" count="0" type="stmt"/>
        <line num="2002" count="3" type="stmt"/>
        <line num="2026" count="0" type="stmt"/>
        <line num="2027" count="0" type="stmt"/>
        <line num="2028" count="0" type="stmt"/>
        <line num="2029" count="0" type="stmt"/>
        <line num="2030" count="0" type="stmt"/>
        <line num="2031" count="0" type="stmt"/>
        <line num="2032" count="0" type="stmt"/>
        <line num="2033" count="0" type="stmt"/>
        <line num="2034" count="0" type="stmt"/>
        <line num="2037" count="0" type="stmt"/>
        <line num="2039" count="0" type="stmt"/>
        <line num="2040" count="0" type="stmt"/>
        <line num="2044" count="3" type="stmt"/>
        <line num="2055" count="0" type="stmt"/>
        <line num="2056" count="0" type="stmt"/>
        <line num="2057" count="0" type="stmt"/>
        <line num="2058" count="0" type="stmt"/>
        <line num="2059" count="0" type="stmt"/>
        <line num="2060" count="0" type="stmt"/>
        <line num="2061" count="0" type="stmt"/>
        <line num="2062" count="0" type="stmt"/>
        <line num="2063" count="0" type="stmt"/>
        <line num="2066" count="0" type="stmt"/>
        <line num="2068" count="0" type="stmt"/>
        <line num="2069" count="0" type="stmt"/>
        <line num="2126" count="3" type="cond" truecount="2" falsecount="0"/>
        <line num="2128" count="3" type="cond" truecount="1" falsecount="1"/>
        <line num="2129" count="0" type="stmt"/>
      </file>
      <file name="provider-web.ts" path="/Users/steipete/Projects/warelay/src/provider-web.ts">
        <metrics statements="112" coveredstatements="79" conditionals="87" coveredconditionals="38" methods="16" coveredmethods="14"/>
        <line num="17" count="4" type="stmt"/>
        <line num="20" count="4" type="stmt"/>
        <line num="21" count="4" type="stmt"/>
        <line num="22" count="4" type="stmt"/>
        <line num="23" count="4" type="cond" truecount="1" falsecount="1"/>
        <line num="24" count="4" type="stmt"/>
        <line num="37" count="4" type="stmt"/>
        <line num="38" count="4" type="stmt"/>
        <line num="41" count="3" type="stmt"/>
        <line num="42" count="3" type="cond" truecount="2" falsecount="2"/>
        <line num="43" count="0" type="stmt"/>
        <line num="44" count="0" type="stmt"/>
        <line num="46" count="3" type="cond" truecount="1" falsecount="1"/>
        <line num="47" count="0" type="stmt"/>
        <line num="48" count="0" type="cond" truecount="0" falsecount="2"/>
        <line num="49" count="0" type="stmt"/>
        <line num="54" count="3" type="cond" truecount="3" falsecount="1"/>
        <line num="55" count="0" type="stmt"/>
        <line num="60" count="4" type="stmt"/>
        <line num="64" count="4" type="stmt"/>
        <line num="68" count="4" type="stmt"/>
        <line num="70" count="4" type="stmt"/>
        <line num="71" count="4" type="cond" truecount="1" falsecount="1"/>
        <line num="72" count="4" type="cond" truecount="2" falsecount="0"/>
        <line num="73" count="3" type="stmt"/>
        <line num="74" count="3" type="stmt"/>
        <line num="76" count="4" type="cond" truecount="2" falsecount="0"/>
        <line num="77" count="1" type="stmt"/>
        <line num="78" count="1" type="cond" truecount="1" falsecount="1"/>
        <line num="82" count="4" type="stmt"/>
        <line num="91" count="1" type="stmt"/>
        <line num="92" count="1" type="stmt"/>
        <line num="93" count="1" type="stmt"/>
        <line num="94" count="1" type="stmt"/>
        <line num="95" count="1" type="stmt"/>
        <line num="96" count="1" type="stmt"/>
        <line num="98" count="0" type="stmt"/>
        <line num="100" count="1" type="stmt"/>
        <line num="101" count="1" type="cond" truecount="1" falsecount="1"/>
        <line num="102" count="1" type="stmt"/>
        <line num="104" count="1" type="stmt"/>
        <line num="105" count="1" type="stmt"/>
        <line num="107" count="0" type="stmt"/>
        <line num="116" count="1" type="stmt"/>
        <line num="117" count="1" type="stmt"/>
        <line num="118" count="1" type="stmt"/>
        <line num="119" count="1" type="stmt"/>
        <line num="120" count="1" type="stmt"/>
        <line num="123" count="0" type="cond" truecount="0" falsecount="2"/>
        <line num="126" count="0" type="cond" truecount="0" falsecount="2"/>
        <line num="127" count="0" type="stmt"/>
        <line num="132" count="0" type="stmt"/>
        <line num="134" count="0" type="cond" truecount="0" falsecount="2"/>
        <line num="135" count="0" type="stmt"/>
        <line num="136" count="0" type="stmt"/>
        <line num="141" count="0" type="stmt"/>
        <line num="143" count="0" type="stmt"/>
        <line num="144" count="0" type="stmt"/>
        <line num="149" count="0" type="stmt"/>
        <line num="151" count="1" type="stmt"/>
        <line num="152" count="1" type="stmt"/>
        <line num="153" count="1" type="stmt"/>
        <line num="178" count="1" type="stmt"/>
        <line num="179" count="1" type="stmt"/>
        <line num="180" count="1" type="stmt"/>
        <line num="181" count="1" type="cond" truecount="1" falsecount="1"/>
        <line num="182" count="1" type="stmt"/>
        <line num="184" count="1" type="stmt"/>
        <line num="185" count="1" type="cond" truecount="1" falsecount="1"/>
        <line num="186" count="1" type="stmt"/>
        <line num="187" count="1" type="cond" truecount="1" falsecount="1"/>
        <line num="189" count="1" type="cond" truecount="3" falsecount="1"/>
        <line num="190" count="1" type="cond" truecount="1" falsecount="1"/>
        <line num="191" count="1" type="cond" truecount="1" falsecount="1"/>
        <line num="192" count="1" type="stmt"/>
        <line num="193" count="1" type="cond" truecount="1" falsecount="1"/>
        <line num="195" count="1" type="cond" truecount="3" falsecount="1"/>
        <line num="196" count="0" type="stmt"/>
        <line num="197" count="1" type="stmt"/>
        <line num="198" count="1" type="cond" truecount="1" falsecount="1"/>
        <line num="199" count="1" type="stmt"/>
        <line num="200" count="1" type="cond" truecount="1" falsecount="1"/>
        <line num="201" count="1" type="stmt"/>
        <line num="202" count="1" type="stmt"/>
        <line num="203" count="1" type="stmt"/>
        <line num="204" count="1" type="stmt"/>
        <line num="206" count="0" type="stmt"/>
        <line num="209" count="1" type="stmt"/>
        <line num="210" count="1" type="stmt"/>
        <line num="212" count="1" type="cond" truecount="1" falsecount="1"/>
        <line num="215" count="1" type="stmt"/>
        <line num="216" count="1" type="stmt"/>
        <line num="227" count="0" type="stmt"/>
        <line num="232" count="1" type="stmt"/>
        <line num="234" count="1" type="stmt"/>
        <line num="235" count="1" type="stmt"/>
        <line num="237" count="0" type="stmt"/>
        <line num="244" count="1" type="cond" truecount="1" falsecount="1"/>
        <line num="245" count="1" type="cond" truecount="3" falsecount="1"/>
        <line num="246" count="1" type="stmt"/>
        <line num="248" count="0" type="stmt"/>
        <line num="249" count="1" type="cond" truecount="1" falsecount="1"/>
        <line num="250" count="0" type="cond" truecount="0" falsecount="2"/>
        <line num="251" count="1" type="cond" truecount="1" falsecount="1"/>
        <line num="252" count="0" type="stmt"/>
        <line num="256" count="0" type="stmt"/>
        <line num="263" count="0" type="cond" truecount="0" falsecount="2"/>
        <line num="264" count="0" type="cond" truecount="0" falsecount="2"/>
        <line num="265" count="0" type="stmt"/>
        <line num="266" count="0" type="stmt"/>
        <line num="267" count="0" type="cond" truecount="0" falsecount="8"/>
        <line num="268" count="0" type="stmt"/>
      </file>
      <file name="utils.ts" path="/Users/steipete/Projects/warelay/src/utils.ts">
        <metrics statements="19" coveredstatements="19" conditionals="12" coveredconditionals="11" methods="9" coveredmethods="9"/>
        <line num="5" count="5" type="stmt"/>
        <line num="11" count="6" type="cond" truecount="4" falsecount="0"/>
        <line num="12" count="2" type="stmt"/>
        <line num="17" count="3" type="cond" truecount="2" falsecount="0"/>
        <line num="18" count="2" type="stmt"/>
        <line num="22" count="13" type="cond" truecount="2" falsecount="0"/>
        <line num="26" count="10" type="stmt"/>
        <line num="27" count="10" type="stmt"/>
        <line num="28" count="10" type="cond" truecount="2" falsecount="0"/>
        <line num="29" count="2" type="stmt"/>
        <line num="33" count="3" type="stmt"/>
        <line num="34" count="3" type="stmt"/>
        <line num="35" count="3" type="stmt"/>
        <line num="40" count="2" type="stmt"/>
        <line num="41" count="2" type="cond" truecount="1" falsecount="1"/>
        <line num="42" count="2" type="stmt"/>
        <line num="43" count="2" type="stmt"/>
        <line num="47" count="833" type="stmt"/>
        <line num="50" count="5" type="stmt"/>
      </file>
    </package>
    <package name="src.commands">
      <metrics statements="53" coveredstatements="20" conditionals="42" coveredconditionals="19" methods="4" coveredmethods="2"/>
      <file name="send.ts" path="/Users/steipete/Projects/warelay/src/commands/send.ts">
        <metrics statements="16" coveredstatements="12" conditionals="16" coveredconditionals="11" methods="1" coveredmethods="1"/>
        <line num="15" count="2" type="stmt"/>
        <line num="16" count="2" type="stmt"/>
        <line num="17" count="2" type="stmt"/>
        <line num="19" count="2" type="cond" truecount="3" falsecount="1"/>
        <line num="20" count="0" type="stmt"/>
        <line num="22" count="2" type="cond" truecount="3" falsecount="1"/>
        <line num="23" count="0" type="stmt"/>
        <line num="26" count="2" type="cond" truecount="2" falsecount="0"/>
        <line num="27" count="1" type="cond" truecount="1" falsecount="1"/>
        <line num="28" count="0" type="stmt"/>
        <line num="30" count="1" type="stmt"/>
        <line num="31" count="1" type="stmt"/>
        <line num="34" count="1" type="stmt"/>
        <line num="35" count="1" type="cond" truecount="1" falsecount="1"/>
        <line num="36" count="1" type="cond" truecount="1" falsecount="1"/>
        <line num="37" count="0" type="stmt"/>
      </file>
      <file name="status.ts" path="/Users/steipete/Projects/warelay/src/commands/status.ts">
        <metrics statements="15" coveredstatements="8" conditionals="13" coveredconditionals="8" methods="1" coveredmethods="1"/>
        <line num="9" count="1" type="stmt"/>
        <line num="10" count="1" type="stmt"/>
        <line num="11" count="1" type="cond" truecount="4" falsecount="1"/>
        <line num="12" count="0" type="stmt"/>
        <line num="14" count="1" type="cond" truecount="3" falsecount="1"/>
        <line num="15" count="0" type="stmt"/>
        <line num="18" count="1" type="stmt"/>
        <line num="19" count="1" type="cond" truecount="1" falsecount="1"/>
        <line num="20" count="1" type="stmt"/>
        <line num="21" count="1" type="stmt"/>
        <line num="23" count="0" type="cond" truecount="0" falsecount="2"/>
        <line num="24" count="0" type="stmt"/>
        <line num="25" count="0" type="stmt"/>
        <line num="27" count="0" type="stmt"/>
        <line num="28" count="0" type="stmt"/>
      </file>
      <file name="up.ts" path="/Users/steipete/Projects/warelay/src/commands/up.ts">
        <metrics statements="16" coveredstatements="0" conditionals="8" coveredconditionals="0" methods="1" coveredmethods="0"/>
        <line num="10" count="0" type="stmt"/>
        <line num="11" count="0" type="cond" truecount="0" falsecount="5"/>
        <line num="12" count="0" type="stmt"/>
        <line num="15" count="0" type="stmt"/>
        <line num="16" count="0" type="stmt"/>
        <line num="17" count="0" type="stmt"/>
        <line num="18" count="0" type="stmt"/>
        <line num="19" count="0" type="stmt"/>
        <line num="20" count="0" type="stmt"/>
        <line num="21" count="0" type="stmt"/>
        <line num="23" count="0" type="stmt"/>
        <line num="31" count="0" type="cond" truecount="0" falsecount="2"/>
        <line num="32" count="0" type="stmt"/>
        <line num="38" count="0" type="stmt"/>
        <line num="46" count="0" type="stmt"/>
        <line num="50" count="0" type="stmt"/>
      </file>
      <file name="webhook.ts" path="/Users/steipete/Projects/warelay/src/commands/webhook.ts">
        <metrics statements="6" coveredstatements="0" conditionals="5" coveredconditionals="0" methods="1" coveredmethods="0"/>
        <line num="8" count="0" type="stmt"/>
        <line num="9" count="0" type="cond" truecount="0" falsecount="5"/>
        <line num="10" count="0" type="stmt"/>
        <line num="12" count="0" type="stmt"/>
        <line num="13" count="0" type="stmt"/>
        <line num="20" count="0" type="stmt"/>
      </file>
    </package>
    <package name="test.mocks">
      <metrics statements="25" coveredstatements="24" conditionals="0" coveredconditionals="0" methods="13" coveredmethods="8"/>
      <file name="baileys.ts" path="/Users/steipete/Projects/warelay/test/mocks/baileys.ts">
        <metrics statements="13" coveredstatements="12" conditionals="0" coveredconditionals="0" methods="7" coveredmethods="6"/>
        <line num="22" count="7" type="stmt"/>
        <line num="23" count="7" type="stmt"/>
        <line num="24" count="3" type="stmt"/>
        <line num="25" count="3" type="stmt"/>
        <line num="32" count="3" type="stmt"/>
        <line num="33" count="3" type="stmt"/>
        <line num="34" count="3" type="stmt"/>
        <line num="37" count="7" type="stmt"/>
        <line num="40" count="4" type="stmt"/>
        <line num="42" count="4" type="stmt"/>
        <line num="46" count="0" type="stmt"/>
        <line num="49" count="7" type="stmt"/>
        <line num="51" count="3" type="stmt"/>
      </file>
      <file name="twilio.ts" path="/Users/steipete/Projects/warelay/test/mocks/twilio.ts">
        <metrics statements="12" coveredstatements="12" conditionals="0" coveredconditionals="0" methods="6" coveredmethods="2"/>
        <line num="18" count="1" type="stmt"/>
        <line num="19" count="1" type="stmt"/>
        <line num="20" count="1" type="stmt"/>
        <line num="22" count="1" type="stmt"/>
        <line num="26" count="1" type="stmt"/>
        <line num="28" count="1" type="stmt"/>
        <line num="30" count="1" type="stmt"/>
        <line num="33" count="1" type="stmt"/>
        <line num="35" count="1" type="stmt"/>
        <line num="45" count="2" type="stmt"/>
        <line num="46" count="1" type="stmt"/>
        <line num="48" count="1" type="stmt"/>
      </file>
    </package>
  </project>
</coverage>
