{"/Users/steipete/Projects/warelay/src/globals.ts": {"path":"/Users/steipete/Projects/warelay/src/globals.ts","statementMap":{"0":{"start":{"line":3,"column":20},"end":{"line":3,"column":null}},"1":{"start":{"line":4,"column":16},"end":{"line":4,"column":null}},"2":{"start":{"line":7,"column":1},"end":{"line":7,"column":null}},"3":{"start":{"line":11,"column":1},"end":{"line":11,"column":null}},"4":{"start":{"line":15,"column":1},"end":{"line":15,"column":null}},"5":{"start":{"line":15,"column":20},"end":{"line":15,"column":null}},"6":{"start":{"line":19,"column":1},"end":{"line":19,"column":null}},"7":{"start":{"line":23,"column":1},"end":{"line":23,"column":null}},"8":{"start":{"line":26,"column":23},"end":{"line":26,"column":null}},"9":{"start":{"line":27,"column":20},"end":{"line":27,"column":null}},"10":{"start":{"line":28,"column":20},"end":{"line":28,"column":null}},"11":{"start":{"line":29,"column":22},"end":{"line":29,"column":null}}},"fnMap":{"0":{"name":"setVerbose","decl":{"start":{"line":6,"column":16},"end":{"line":6,"column":27}},"loc":{"start":{"line":6,"column":39},"end":{"line":8,"column":null}},"line":6},"1":{"name":"isVerbose","decl":{"start":{"line":10,"column":16},"end":{"line":10,"column":28}},"loc":{"start":{"line":10,"column":28},"end":{"line":12,"column":null}},"line":10},"2":{"name":"logVerbose","decl":{"start":{"line":14,"column":16},"end":{"line":14,"column":27}},"loc":{"start":{"line":14,"column":44},"end":{"line":16,"column":null}},"line":14},"3":{"name":"setYes","decl":{"start":{"line":18,"column":16},"end":{"line":18,"column":23}},"loc":{"start":{"line":18,"column":35},"end":{"line":20,"column":null}},"line":18},"4":{"name":"isYes","decl":{"start":{"line":22,"column":16},"end":{"line":22,"column":24}},"loc":{"start":{"line":22,"column":24},"end":{"line":24,"column":null}},"line":22}},"branchMap":{"0":{"loc":{"start":{"line":15,"column":1},"end":{"line":15,"column":null}},"type":"if","locations":[{"start":{"line":15,"column":1},"end":{"line":15,"column":null}},{"start":{},"end":{}}],"line":15}},"s":{"0":5,"1":5,"2":4,"3":6,"4":19,"5":1,"6":4,"7":2,"8":5,"9":5,"10":5,"11":5},"f":{"0":4,"1":6,"2":19,"3":4,"4":2},"b":{"0":[1,18]},"meta":{"lastBranch":1,"lastFunction":5,"lastStatement":12,"seen":{"s:3:20:3:Infinity":0,"s:4:16:4:Infinity":1,"f:6:16:6:27":0,"s:7:1:7:Infinity":2,"f:10:16:10:28":1,"s:11:1:11:Infinity":3,"f:14:16:14:27":2,"b:15:1:15:Infinity:undefined:undefined:undefined:undefined":0,"s:15:1:15:Infinity":4,"s:15:20:15:Infinity":5,"f:18:16:18:23":3,"s:19:1:19:Infinity":6,"f:22:16:22:24":4,"s:23:1:23:Infinity":7,"s:26:23:26:Infinity":8,"s:27:20:27:Infinity":9,"s:28:20:28:Infinity":10,"s:29:22:29:Infinity":11}}}
,"/Users/steipete/Projects/warelay/src/index.ts": {"path":"/Users/steipete/Projects/warelay/src/index.ts","statementMap":{"0":{"start":{"line":49,"column":0},"end":{"line":49,"column":null}},"1":{"start":{"line":51,"column":16},"end":{"line":51,"column":null}},"2":{"start":{"line":79,"column":1},"end":{"line":98,"column":null}},"3":{"start":{"line":194,"column":35},"end":{"line":201,"column":null}},"4":{"start":{"line":198,"column":2},"end":{"line":198,"column":null}},"5":{"start":{"line":199,"column":2},"end":{"line":199,"column":null}},"6":{"start":{"line":203,"column":18},"end":{"line":232,"column":null}},"7":{"start":{"line":213,"column":2},"end":{"line":218,"column":null}},"8":{"start":{"line":214,"column":3},"end":{"line":217,"column":null}},"9":{"start":{"line":219,"column":2},"end":{"line":224,"column":null}},"10":{"start":{"line":220,"column":3},"end":{"line":223,"column":null}},"11":{"start":{"line":225,"column":2},"end":{"line":231,"column":null}},"12":{"start":{"line":226,"column":3},"end":{"line":230,"column":null}},"13":{"start":{"line":236,"column":16},"end":{"line":236,"column":null}},"14":{"start":{"line":237,"column":1},"end":{"line":241,"column":null}},"15":{"start":{"line":238,"column":2},"end":{"line":238,"column":null}},"16":{"start":{"line":239,"column":2},"end":{"line":239,"column":null}},"17":{"start":{"line":239,"column":39},"end":{"line":239,"column":72}},"18":{"start":{"line":240,"column":2},"end":{"line":240,"column":null}},"19":{"start":{"line":250,"column":5},"end":{"line":250,"column":null}},"20":{"start":{"line":253,"column":2},"end":{"line":255,"column":null}},"21":{"start":{"line":257,"column":1},"end":{"line":262,"column":null}},"22":{"start":{"line":265,"column":6},"end":{"line":265,"column":null}},"23":{"start":{"line":277,"column":1},"end":{"line":279,"column":null}},"24":{"start":{"line":278,"column":2},"end":{"line":278,"column":null}},"25":{"start":{"line":280,"column":1},"end":{"line":296,"column":null}},"26":{"start":{"line":281,"column":29},"end":{"line":285,"column":null}},"27":{"start":{"line":286,"column":2},"end":{"line":289,"column":null}},"28":{"start":{"line":287,"column":3},"end":{"line":287,"column":null}},"29":{"start":{"line":287,"column":22},"end":{"line":287,"column":null}},"30":{"start":{"line":288,"column":3},"end":{"line":288,"column":null}},"31":{"start":{"line":288,"column":22},"end":{"line":288,"column":null}},"32":{"start":{"line":290,"column":2},"end":{"line":290,"column":null}},"33":{"start":{"line":292,"column":2},"end":{"line":294,"column":null}},"34":{"start":{"line":293,"column":3},"end":{"line":293,"column":null}},"35":{"start":{"line":295,"column":2},"end":{"line":295,"column":null}},"36":{"start":{"line":312,"column":1},"end":{"line":341,"column":null}},"37":{"start":{"line":313,"column":8},"end":{"line":315,"column":null}},"38":{"start":{"line":316,"column":15},"end":{"line":316,"column":null}},"39":{"start":{"line":317,"column":15},"end":{"line":317,"column":null}},"40":{"start":{"line":318,"column":16},"end":{"line":318,"column":null}},"41":{"start":{"line":319,"column":16},"end":{"line":321,"column":null}},"42":{"start":{"line":320,"column":3},"end":{"line":320,"column":null}},"43":{"start":{"line":323,"column":2},"end":{"line":325,"column":null}},"44":{"start":{"line":324,"column":3},"end":{"line":324,"column":null}},"45":{"start":{"line":326,"column":2},"end":{"line":328,"column":null}},"46":{"start":{"line":327,"column":3},"end":{"line":327,"column":null}},"47":{"start":{"line":329,"column":2},"end":{"line":334,"column":null}},"48":{"start":{"line":330,"column":3},"end":{"line":330,"column":null}},"49":{"start":{"line":330,"column":16},"end":{"line":330,"column":null}},"50":{"start":{"line":331,"column":3},"end":{"line":331,"column":null}},"51":{"start":{"line":332,"column":3},"end":{"line":332,"column":null}},"52":{"start":{"line":333,"column":3},"end":{"line":333,"column":null}},"53":{"start":{"line":335,"column":2},"end":{"line":340,"column":null}},"54":{"start":{"line":336,"column":3},"end":{"line":336,"column":null}},"55":{"start":{"line":336,"column":16},"end":{"line":336,"column":null}},"56":{"start":{"line":337,"column":3},"end":{"line":337,"column":null}},"57":{"start":{"line":338,"column":3},"end":{"line":338,"column":null}},"58":{"start":{"line":339,"column":3},"end":{"line":339,"column":null}},"59":{"start":{"line":350,"column":2},"end":{"line":350,"column":null}},"60":{"start":{"line":351,"column":2},"end":{"line":351,"column":null}},"61":{"start":{"line":352,"column":2},"end":{"line":352,"column":null}},"62":{"start":{"line":353,"column":2},"end":{"line":353,"column":null}},"63":{"start":{"line":358,"column":1},"end":{"line":358,"column":null}},"64":{"start":{"line":363,"column":1},"end":{"line":374,"column":null}},"65":{"start":{"line":364,"column":21},"end":{"line":369,"column":null}},"66":{"start":{"line":370,"column":18},"end":{"line":370,"column":null}},"67":{"start":{"line":371,"column":2},"end":{"line":371,"column":null}},"68":{"start":{"line":371,"column":15},"end":{"line":371,"column":null}},"69":{"start":{"line":373,"column":2},"end":{"line":373,"column":null}},"70":{"start":{"line":375,"column":1},"end":{"line":375,"column":null}},"71":{"start":{"line":380,"column":1},"end":{"line":396,"column":null}},"72":{"start":{"line":381,"column":2},"end":{"line":389,"column":null}},"73":{"start":{"line":382,"column":18},"end":{"line":388,"column":null}},"74":{"start":{"line":384,"column":28},"end":{"line":384,"column":39}},"75":{"start":{"line":386,"column":5},"end":{"line":386,"column":null}},"76":{"start":{"line":386,"column":24},"end":{"line":386,"column":33}},"77":{"start":{"line":391,"column":2},"end":{"line":394,"column":null}},"78":{"start":{"line":392,"column":19},"end":{"line":392,"column":null}},"79":{"start":{"line":393,"column":3},"end":{"line":393,"column":null}},"80":{"start":{"line":395,"column":2},"end":{"line":395,"column":null}},"81":{"start":{"line":405,"column":1},"end":{"line":431,"column":null}},"82":{"start":{"line":410,"column":3},"end":{"line":412,"column":null}},"83":{"start":{"line":413,"column":2},"end":{"line":413,"column":null}},"84":{"start":{"line":414,"column":2},"end":{"line":424,"column":null}},"85":{"start":{"line":415,"column":3},"end":{"line":415,"column":null}},"86":{"start":{"line":416,"column":3},"end":{"line":416,"column":null}},"87":{"start":{"line":417,"column":3},"end":{"line":423,"column":null}},"88":{"start":{"line":418,"column":4},"end":{"line":422,"column":null}},"89":{"start":{"line":425,"column":2},"end":{"line":429,"column":null}},"90":{"start":{"line":430,"column":2},"end":{"line":430,"column":null}},"91":{"start":{"line":432,"column":1},"end":{"line":432,"column":null}},"92":{"start":{"line":433,"column":1},"end":{"line":433,"column":null}},"93":{"start":{"line":442,"column":1},"end":{"line":445,"column":null}},"94":{"start":{"line":443,"column":2},"end":{"line":443,"column":null}},"95":{"start":{"line":444,"column":2},"end":{"line":444,"column":null}},"96":{"start":{"line":452,"column":1},"end":{"line":452,"column":null}},"97":{"start":{"line":452,"column":29},"end":{"line":452,"column":null}},"98":{"start":{"line":453,"column":1},"end":{"line":453,"column":null}},"99":{"start":{"line":453,"column":14},"end":{"line":453,"column":null}},"100":{"start":{"line":454,"column":12},"end":{"line":454,"column":null}},"101":{"start":{"line":455,"column":16},"end":{"line":455,"column":null}},"102":{"start":{"line":456,"column":7},"end":{"line":458,"column":null}},"103":{"start":{"line":459,"column":1},"end":{"line":459,"column":null}},"104":{"start":{"line":460,"column":1},"end":{"line":460,"column":null}},"105":{"start":{"line":460,"column":14},"end":{"line":460,"column":null}},"106":{"start":{"line":461,"column":1},"end":{"line":461,"column":null}},"107":{"start":{"line":464,"column":20},"end":{"line":464,"column":null}},"108":{"start":{"line":497,"column":1},"end":{"line":506,"column":null}},"109":{"start":{"line":498,"column":2},"end":{"line":498,"column":null}},"110":{"start":{"line":498,"column":35},"end":{"line":498,"column":null}},"111":{"start":{"line":499,"column":14},"end":{"line":499,"column":null}},"112":{"start":{"line":500,"column":17},"end":{"line":500,"column":null}},"113":{"start":{"line":501,"column":2},"end":{"line":501,"column":null}},"114":{"start":{"line":501,"column":53},"end":{"line":501,"column":null}},"115":{"start":{"line":502,"column":2},"end":{"line":502,"column":null}},"116":{"start":{"line":504,"column":2},"end":{"line":504,"column":null}},"117":{"start":{"line":505,"column":2},"end":{"line":505,"column":null}},"118":{"start":{"line":522,"column":1},"end":{"line":525,"column":null}},"119":{"start":{"line":523,"column":17},"end":{"line":523,"column":null}},"120":{"start":{"line":524,"column":2},"end":{"line":524,"column":null}},"121":{"start":{"line":536,"column":30},"end":{"line":536,"column":null}},"122":{"start":{"line":537,"column":30},"end":{"line":537,"column":null}},"123":{"start":{"line":538,"column":29},"end":{"line":538,"column":null}},"124":{"start":{"line":541,"column":1},"end":{"line":541,"column":null}},"125":{"start":{"line":541,"column":13},"end":{"line":541,"column":null}},"126":{"start":{"line":542,"column":1},"end":{"line":542,"column":null}},"127":{"start":{"line":542,"column":28},"end":{"line":542,"column":null}},"128":{"start":{"line":543,"column":1},"end":{"line":543,"column":null}},"129":{"start":{"line":547,"column":1},"end":{"line":555,"column":null}},"130":{"start":{"line":548,"column":14},"end":{"line":548,"column":null}},"131":{"start":{"line":549,"column":17},"end":{"line":549,"column":null}},"132":{"start":{"line":550,"column":2},"end":{"line":552,"column":null}},"133":{"start":{"line":551,"column":3},"end":{"line":551,"column":null}},"134":{"start":{"line":556,"column":1},"end":{"line":556,"column":null}},"135":{"start":{"line":560,"column":1},"end":{"line":560,"column":null}},"136":{"start":{"line":561,"column":1},"end":{"line":561,"column":null}},"137":{"start":{"line":565,"column":1},"end":{"line":565,"column":null}},"138":{"start":{"line":565,"column":25},"end":{"line":565,"column":null}},"139":{"start":{"line":566,"column":14},"end":{"line":566,"column":null}},"140":{"start":{"line":567,"column":1},"end":{"line":567,"column":null}},"141":{"start":{"line":577,"column":13},"end":{"line":577,"column":null}},"142":{"start":{"line":578,"column":15},"end":{"line":578,"column":null}},"143":{"start":{"line":579,"column":24},"end":{"line":579,"column":null}},"144":{"start":{"line":580,"column":19},"end":{"line":580,"column":null}},"145":{"start":{"line":581,"column":15},"end":{"line":581,"column":null}},"146":{"start":{"line":582,"column":22},"end":{"line":586,"column":null}},"147":{"start":{"line":583,"column":2},"end":{"line":583,"column":null}},"148":{"start":{"line":583,"column":15},"end":{"line":583,"column":null}},"149":{"start":{"line":584,"column":2},"end":{"line":584,"column":null}},"150":{"start":{"line":585,"column":2},"end":{"line":585,"column":null}},"151":{"start":{"line":589,"column":20},"end":{"line":589,"column":null}},"152":{"start":{"line":591,"column":2},"end":{"line":593,"column":null}},"153":{"start":{"line":594,"column":21},"end":{"line":594,"column":null}},"154":{"start":{"line":595,"column":22},"end":{"line":595,"column":null}},"155":{"start":{"line":596,"column":19},"end":{"line":596,"column":null}},"156":{"start":{"line":599,"column":20},"end":{"line":599,"column":null}},"157":{"start":{"line":602,"column":1},"end":{"line":634,"column":null}},"158":{"start":{"line":603,"column":8},"end":{"line":603,"column":null}},"159":{"start":{"line":604,"column":2},"end":{"line":617,"column":null}},"160":{"start":{"line":605,"column":3},"end":{"line":605,"column":null}},"161":{"start":{"line":605,"column":17},"end":{"line":605,"column":null}},"162":{"start":{"line":606,"column":3},"end":{"line":610,"column":null}},"163":{"start":{"line":607,"column":4},"end":{"line":607,"column":null}},"164":{"start":{"line":608,"column":4},"end":{"line":608,"column":null}},"165":{"start":{"line":609,"column":4},"end":{"line":609,"column":null}},"166":{"start":{"line":611,"column":25},"end":{"line":611,"column":null}},"167":{"start":{"line":612,"column":3},"end":{"line":616,"column":null}},"168":{"start":{"line":613,"column":4},"end":{"line":613,"column":null}},"169":{"start":{"line":614,"column":4},"end":{"line":614,"column":null}},"170":{"start":{"line":615,"column":4},"end":{"line":615,"column":null}},"171":{"start":{"line":619,"column":21},"end":{"line":619,"column":null}},"172":{"start":{"line":620,"column":16},"end":{"line":620,"column":null}},"173":{"start":{"line":621,"column":16},"end":{"line":621,"column":null}},"174":{"start":{"line":622,"column":17},"end":{"line":622,"column":null}},"175":{"start":{"line":623,"column":21},"end":{"line":623,"column":null}},"176":{"start":{"line":625,"column":2},"end":{"line":630,"column":null}},"177":{"start":{"line":626,"column":3},"end":{"line":626,"column":null}},"178":{"start":{"line":628,"column":3},"end":{"line":628,"column":null}},"179":{"start":{"line":629,"column":3},"end":{"line":629,"column":null}},"180":{"start":{"line":632,"column":2},"end":{"line":632,"column":null}},"181":{"start":{"line":633,"column":2},"end":{"line":633,"column":null}},"182":{"start":{"line":636,"column":37},"end":{"line":641,"column":null}},"183":{"start":{"line":644,"column":20},"end":{"line":646,"column":null}},"184":{"start":{"line":647,"column":22},"end":{"line":649,"column":null}},"185":{"start":{"line":650,"column":40},"end":{"line":654,"column":null}},"186":{"start":{"line":657,"column":19},"end":{"line":657,"column":null}},"187":{"start":{"line":658,"column":1},"end":{"line":666,"column":null}},"188":{"start":{"line":659,"column":8},"end":{"line":659,"column":null}},"189":{"start":{"line":660,"column":2},"end":{"line":665,"column":null}},"190":{"start":{"line":661,"column":3},"end":{"line":663,"column":null}},"191":{"start":{"line":664,"column":3},"end":{"line":664,"column":null}},"192":{"start":{"line":667,"column":1},"end":{"line":670,"column":null}},"193":{"start":{"line":668,"column":2},"end":{"line":668,"column":null}},"194":{"start":{"line":669,"column":2},"end":{"line":669,"column":null}},"195":{"start":{"line":672,"column":1},"end":{"line":676,"column":null}},"196":{"start":{"line":673,"column":2},"end":{"line":673,"column":null}},"197":{"start":{"line":674,"column":2},"end":{"line":674,"column":null}},"198":{"start":{"line":675,"column":2},"end":{"line":675,"column":null}},"199":{"start":{"line":678,"column":1},"end":{"line":751,"column":null}},"200":{"start":{"line":679,"column":2},"end":{"line":679,"column":null}},"201":{"start":{"line":680,"column":13},"end":{"line":680,"column":null}},"202":{"start":{"line":680,"column":41},"end":{"line":680,"column":75}},"203":{"start":{"line":681,"column":25},"end":{"line":683,"column":null}},"204":{"start":{"line":684,"column":2},"end":{"line":686,"column":null}},"205":{"start":{"line":685,"column":3},"end":{"line":685,"column":null}},"206":{"start":{"line":689,"column":2},"end":{"line":703,"column":null}},"207":{"start":{"line":690,"column":9},"end":{"line":693,"column":null}},"208":{"start":{"line":693,"column":19},"end":{"line":693,"column":53}},"209":{"start":{"line":694,"column":3},"end":{"line":702,"column":null}},"210":{"start":{"line":695,"column":29},"end":{"line":695,"column":null}},"211":{"start":{"line":696,"column":21},"end":{"line":696,"column":null}},"212":{"start":{"line":697,"column":4},"end":{"line":701,"column":null}},"213":{"start":{"line":704,"column":20},"end":{"line":704,"column":null}},"214":{"start":{"line":705,"column":2},"end":{"line":705,"column":null}},"215":{"start":{"line":706,"column":18},"end":{"line":706,"column":null}},"216":{"start":{"line":707,"column":2},"end":{"line":750,"column":null}},"217":{"start":{"line":709,"column":4},"end":{"line":709,"column":null}},"218":{"start":{"line":710,"column":19},"end":{"line":710,"column":null}},"219":{"start":{"line":711,"column":3},"end":{"line":713,"column":null}},"220":{"start":{"line":712,"column":4},"end":{"line":712,"column":null}},"221":{"start":{"line":714,"column":3},"end":{"line":716,"column":null}},"222":{"start":{"line":717,"column":3},"end":{"line":717,"column":null}},"223":{"start":{"line":718,"column":3},"end":{"line":723,"column":null}},"224":{"start":{"line":719,"column":4},"end":{"line":721,"column":null}},"225":{"start":{"line":722,"column":4},"end":{"line":722,"column":null}},"226":{"start":{"line":724,"column":3},"end":{"line":729,"column":null}},"227":{"start":{"line":725,"column":4},"end":{"line":727,"column":null}},"228":{"start":{"line":728,"column":4},"end":{"line":728,"column":null}},"229":{"start":{"line":730,"column":3},"end":{"line":730,"column":null}},"230":{"start":{"line":732,"column":19},"end":{"line":732,"column":null}},"231":{"start":{"line":733,"column":18},"end":{"line":733,"column":null}},"232":{"start":{"line":734,"column":22},"end":{"line":734,"column":null}},"233":{"start":{"line":735,"column":20},"end":{"line":735,"column":null}},"234":{"start":{"line":739,"column":3},"end":{"line":741,"column":null}},"235":{"start":{"line":740,"column":4},"end":{"line":740,"column":null}},"236":{"start":{"line":742,"column":3},"end":{"line":748,"column":null}},"237":{"start":{"line":743,"column":4},"end":{"line":745,"column":null}},"238":{"start":{"line":747,"column":4},"end":{"line":747,"column":null}},"239":{"start":{"line":749,"column":3},"end":{"line":749,"column":null}},"240":{"start":{"line":753,"column":1},"end":{"line":753,"column":null}},"241":{"start":{"line":763,"column":25},"end":{"line":768,"column":null}},"242":{"start":{"line":770,"column":19},"end":{"line":776,"column":null}},"243":{"start":{"line":773,"column":23},"end":{"line":773,"column":null}},"244":{"start":{"line":777,"column":1},"end":{"line":777,"column":null}},"245":{"start":{"line":777,"column":17},"end":{"line":777,"column":null}},"246":{"start":{"line":779,"column":19},"end":{"line":779,"column":null}},"247":{"start":{"line":780,"column":17},"end":{"line":780,"column":null}},"248":{"start":{"line":781,"column":1},"end":{"line":788,"column":null}},"249":{"start":{"line":782,"column":1},"end":{"line":786,"column":null}},"250":{"start":{"line":783,"column":2},"end":{"line":786,"column":null}},"251":{"start":{"line":787,"column":2},"end":{"line":787,"column":null}},"252":{"start":{"line":790,"column":1},"end":{"line":792,"column":null}},"253":{"start":{"line":794,"column":1},"end":{"line":809,"column":null}},"254":{"start":{"line":795,"column":2},"end":{"line":799,"column":null}},"255":{"start":{"line":800,"column":2},"end":{"line":806,"column":null}},"256":{"start":{"line":801,"column":3},"end":{"line":805,"column":null}},"257":{"start":{"line":808,"column":2},"end":{"line":808,"column":null}},"258":{"start":{"line":814,"column":1},"end":{"line":818,"column":null}},"259":{"start":{"line":815,"column":2},"end":{"line":817,"column":null}},"260":{"start":{"line":819,"column":1},"end":{"line":821,"column":null}},"261":{"start":{"line":830,"column":1},"end":{"line":833,"column":null}},"262":{"start":{"line":831,"column":2},"end":{"line":831,"column":null}},"263":{"start":{"line":832,"column":2},"end":{"line":832,"column":null}},"264":{"start":{"line":834,"column":1},"end":{"line":850,"column":null}},"265":{"start":{"line":835,"column":20},"end":{"line":835,"column":null}},"266":{"start":{"line":836,"column":2},"end":{"line":843,"column":null}},"267":{"start":{"line":844,"column":2},"end":{"line":844,"column":null}},"268":{"start":{"line":846,"column":2},"end":{"line":849,"column":null}},"269":{"start":{"line":847,"column":3},"end":{"line":847,"column":null}},"270":{"start":{"line":848,"column":3},"end":{"line":848,"column":null}},"271":{"start":{"line":859,"column":13},"end":{"line":859,"column":null}},"272":{"start":{"line":860,"column":16},"end":{"line":860,"column":null}},"273":{"start":{"line":861,"column":7},"end":{"line":861,"column":null}},"274":{"start":{"line":862,"column":7},"end":{"line":862,"column":null}},"275":{"start":{"line":864,"column":1},"end":{"line":901,"column":null}},"276":{"start":{"line":865,"column":18},"end":{"line":869,"column":null}},"277":{"start":{"line":871,"column":2},"end":{"line":875,"column":null}},"278":{"start":{"line":876,"column":2},"end":{"line":876,"column":null}},"279":{"start":{"line":878,"column":17},"end":{"line":878,"column":null}},"280":{"start":{"line":885,"column":27},"end":{"line":885,"column":null}},"281":{"start":{"line":887,"column":3},"end":{"line":889,"column":null}},"282":{"start":{"line":890,"column":15},"end":{"line":890,"column":null}},"283":{"start":{"line":891,"column":2},"end":{"line":893,"column":null}},"284":{"start":{"line":894,"column":2},"end":{"line":894,"column":null}},"285":{"start":{"line":894,"column":12},"end":{"line":894,"column":null}},"286":{"start":{"line":896,"column":23},"end":{"line":896,"column":null}},"287":{"start":{"line":897,"column":2},"end":{"line":899,"column":null}},"288":{"start":{"line":898,"column":3},"end":{"line":898,"column":null}},"289":{"start":{"line":900,"column":2},"end":{"line":900,"column":null}},"290":{"start":{"line":904,"column":32},"end":{"line":904,"column":null}},"291":{"start":{"line":905,"column":32},"end":{"line":905,"column":null}},"292":{"start":{"line":915,"column":18},"end":{"line":915,"column":null}},"293":{"start":{"line":916,"column":1},"end":{"line":932,"column":null}},"294":{"start":{"line":917,"column":12},"end":{"line":917,"column":null}},"295":{"start":{"line":918,"column":17},"end":{"line":918,"column":null}},"296":{"start":{"line":919,"column":2},"end":{"line":922,"column":null}},"297":{"start":{"line":920,"column":3},"end":{"line":920,"column":null}},"298":{"start":{"line":921,"column":3},"end":{"line":921,"column":null}},"299":{"start":{"line":923,"column":2},"end":{"line":930,"column":null}},"300":{"start":{"line":924,"column":3},"end":{"line":928,"column":null}},"301":{"start":{"line":929,"column":3},"end":{"line":929,"column":null}},"302":{"start":{"line":931,"column":2},"end":{"line":931,"column":null}},"303":{"start":{"line":933,"column":1},"end":{"line":935,"column":null}},"304":{"start":{"line":945,"column":7},"end":{"line":945,"column":null}},"305":{"start":{"line":947,"column":13},"end":{"line":947,"column":null}},"306":{"start":{"line":948,"column":7},"end":{"line":948,"column":null}},"307":{"start":{"line":951,"column":1},"end":{"line":951,"column":null}},"308":{"start":{"line":952,"column":1},"end":{"line":955,"column":null}},"309":{"start":{"line":953,"column":2},"end":{"line":953,"column":null}},"310":{"start":{"line":954,"column":2},"end":{"line":954,"column":null}},"311":{"start":{"line":957,"column":1},"end":{"line":999,"column":null}},"312":{"start":{"line":958,"column":41},"end":{"line":958,"column":null}},"313":{"start":{"line":959,"column":2},"end":{"line":963,"column":null}},"314":{"start":{"line":964,"column":2},"end":{"line":964,"column":null}},"315":{"start":{"line":964,"column":15},"end":{"line":964,"column":null}},"316":{"start":{"line":966,"column":17},"end":{"line":966,"column":null}},"317":{"start":{"line":967,"column":18},"end":{"line":967,"column":null}},"318":{"start":{"line":968,"column":2},"end":{"line":980,"column":null}},"319":{"start":{"line":969,"column":3},"end":{"line":979,"column":null}},"320":{"start":{"line":977,"column":25},"end":{"line":977,"column":null}},"321":{"start":{"line":982,"column":2},"end":{"line":995,"column":null}},"322":{"start":{"line":983,"column":3},"end":{"line":994,"column":null}},"323":{"start":{"line":984,"column":4},"end":{"line":988,"column":null}},"324":{"start":{"line":989,"column":4},"end":{"line":991,"column":null}},"325":{"start":{"line":990,"column":5},"end":{"line":990,"column":null}},"326":{"start":{"line":993,"column":4},"end":{"line":993,"column":null}},"327":{"start":{"line":998,"column":2},"end":{"line":998,"column":null}},"328":{"start":{"line":1001,"column":1},"end":{"line":1004,"column":null}},"329":{"start":{"line":1002,"column":2},"end":{"line":1002,"column":null}},"330":{"start":{"line":1002,"column":15},"end":{"line":1002,"column":null}},"331":{"start":{"line":1003,"column":2},"end":{"line":1003,"column":null}},"332":{"start":{"line":1006,"column":1},"end":{"line":1029,"column":null}},"333":{"start":{"line":1007,"column":17},"end":{"line":1007,"column":null}},"334":{"start":{"line":1009,"column":22},"end":{"line":1015,"column":null}},"335":{"start":{"line":1010,"column":3},"end":{"line":1010,"column":null}},"336":{"start":{"line":1011,"column":3},"end":{"line":1013,"column":null}},"337":{"start":{"line":1014,"column":3},"end":{"line":1014,"column":null}},"338":{"start":{"line":1017,"column":18},"end":{"line":1020,"column":null}},"339":{"start":{"line":1018,"column":3},"end":{"line":1018,"column":null}},"340":{"start":{"line":1019,"column":3},"end":{"line":1019,"column":null}},"341":{"start":{"line":1022,"column":18},"end":{"line":1025,"column":null}},"342":{"start":{"line":1023,"column":3},"end":{"line":1023,"column":null}},"343":{"start":{"line":1024,"column":3},"end":{"line":1024,"column":null}},"344":{"start":{"line":1027,"column":2},"end":{"line":1027,"column":null}},"345":{"start":{"line":1028,"column":2},"end":{"line":1028,"column":null}},"346":{"start":{"line":1034,"column":18},"end":{"line":1034,"column":null}},"347":{"start":{"line":1035,"column":1},"end":{"line":1035,"column":null}},"348":{"start":{"line":1036,"column":1},"end":{"line":1038,"column":null}},"349":{"start":{"line":1043,"column":20},"end":{"line":1043,"column":null}},"350":{"start":{"line":1044,"column":16},"end":{"line":1044,"column":null}},"351":{"start":{"line":1046,"column":2},"end":{"line":1048,"column":null}},"352":{"start":{"line":1050,"column":2},"end":{"line":1050,"column":null}},"353":{"start":{"line":1051,"column":13},"end":{"line":1053,"column":null}},"354":{"start":{"line":1054,"column":1},"end":{"line":1054,"column":null}},"355":{"start":{"line":1054,"column":28},"end":{"line":1054,"column":null}},"356":{"start":{"line":1055,"column":1},"end":{"line":1055,"column":null}},"357":{"start":{"line":1055,"column":21},"end":{"line":1055,"column":null}},"358":{"start":{"line":1056,"column":1},"end":{"line":1056,"column":null}},"359":{"start":{"line":1065,"column":15},"end":{"line":1068,"column":null}},"360":{"start":{"line":1066,"column":8},"end":{"line":1066,"column":null}},"361":{"start":{"line":1067,"column":8},"end":{"line":1067,"column":null}},"362":{"start":{"line":1069,"column":1},"end":{"line":1069,"column":null}},"363":{"start":{"line":1069,"column":12},"end":{"line":1069,"column":null}},"364":{"start":{"line":1070,"column":17},"end":{"line":1073,"column":null}},"365":{"start":{"line":1074,"column":1},"end":{"line":1077,"column":null}},"366":{"start":{"line":1075,"column":2},"end":{"line":1075,"column":null}},"367":{"start":{"line":1076,"column":2},"end":{"line":1076,"column":null}},"368":{"start":{"line":1078,"column":1},"end":{"line":1078,"column":null}},"369":{"start":{"line":1079,"column":1},"end":{"line":1079,"column":null}},"370":{"start":{"line":1088,"column":23},"end":{"line":1091,"column":null}},"371":{"start":{"line":1089,"column":8},"end":{"line":1089,"column":null}},"372":{"start":{"line":1090,"column":8},"end":{"line":1090,"column":null}},"373":{"start":{"line":1092,"column":1},"end":{"line":1092,"column":null}},"374":{"start":{"line":1092,"column":20},"end":{"line":1092,"column":null}},"375":{"start":{"line":1094,"column":17},"end":{"line":1097,"column":null}},"376":{"start":{"line":1098,"column":1},"end":{"line":1101,"column":null}},"377":{"start":{"line":1099,"column":2},"end":{"line":1099,"column":null}},"378":{"start":{"line":1100,"column":2},"end":{"line":1100,"column":null}},"379":{"start":{"line":1102,"column":1},"end":{"line":1102,"column":null}},"380":{"start":{"line":1103,"column":1},"end":{"line":1103,"column":null}},"381":{"start":{"line":1113,"column":1},"end":{"line":1194,"column":null}},"382":{"start":{"line":1114,"column":8},"end":{"line":1116,"column":null}},"383":{"start":{"line":1117,"column":17},"end":{"line":1119,"column":null}},"384":{"start":{"line":1120,"column":2},"end":{"line":1141,"column":null}},"385":{"start":{"line":1121,"column":3},"end":{"line":1123,"column":null}},"386":{"start":{"line":1124,"column":3},"end":{"line":1128,"column":null}},"387":{"start":{"line":1129,"column":3},"end":{"line":1133,"column":null}},"388":{"start":{"line":1134,"column":19},"end":{"line":1137,"column":null}},"389":{"start":{"line":1138,"column":3},"end":{"line":1138,"column":null}},"390":{"start":{"line":1138,"column":17},"end":{"line":1138,"column":null}},"391":{"start":{"line":1139,"column":3},"end":{"line":1139,"column":null}},"392":{"start":{"line":1140,"column":3},"end":{"line":1140,"column":null}},"393":{"start":{"line":1143,"column":2},"end":{"line":1143,"column":null}},"394":{"start":{"line":1144,"column":21},"end":{"line":1151,"column":null}},"395":{"start":{"line":1152,"column":2},"end":{"line":1152,"column":null}},"396":{"start":{"line":1152,"column":21},"end":{"line":1152,"column":null}},"397":{"start":{"line":1154,"column":20},"end":{"line":1154,"column":null}},"398":{"start":{"line":1155,"column":17},"end":{"line":1155,"column":null}},"399":{"start":{"line":1156,"column":17},"end":{"line":1156,"column":null}},"400":{"start":{"line":1157,"column":2},"end":{"line":1169,"column":null}},"401":{"start":{"line":1158,"column":3},"end":{"line":1158,"column":null}},"402":{"start":{"line":1159,"column":21},"end":{"line":1159,"column":null}},"403":{"start":{"line":1160,"column":3},"end":{"line":1168,"column":null}},"404":{"start":{"line":1161,"column":4},"end":{"line":1161,"column":null}},"405":{"start":{"line":1163,"column":4},"end":{"line":1167,"column":null}},"406":{"start":{"line":1170,"column":2},"end":{"line":1179,"column":null}},"407":{"start":{"line":1174,"column":3},"end":{"line":1178,"column":null}},"408":{"start":{"line":1180,"column":2},"end":{"line":1182,"column":null}},"409":{"start":{"line":1183,"column":2},"end":{"line":1187,"column":null}},"410":{"start":{"line":1188,"column":2},"end":{"line":1192,"column":null}},"411":{"start":{"line":1189,"column":3},"end":{"line":1189,"column":null}},"412":{"start":{"line":1189,"column":22},"end":{"line":1189,"column":null}},"413":{"start":{"line":1190,"column":3},"end":{"line":1190,"column":null}},"414":{"start":{"line":1190,"column":22},"end":{"line":1190,"column":null}},"415":{"start":{"line":1191,"column":3},"end":{"line":1191,"column":null}},"416":{"start":{"line":1193,"column":2},"end":{"line":1193,"column":null}},"417":{"start":{"line":1204,"column":1},"end":{"line":1207,"column":null}},"418":{"start":{"line":1205,"column":2},"end":{"line":1205,"column":null}},"419":{"start":{"line":1206,"column":2},"end":{"line":1206,"column":null}},"420":{"start":{"line":1208,"column":1},"end":{"line":1243,"column":null}},"421":{"start":{"line":1211,"column":23},"end":{"line":1211,"column":null}},"422":{"start":{"line":1212,"column":18},"end":{"line":1215,"column":null}},"423":{"start":{"line":1216,"column":2},"end":{"line":1218,"column":null}},"424":{"start":{"line":1217,"column":3},"end":{"line":1217,"column":null}},"425":{"start":{"line":1219,"column":16},"end":{"line":1225,"column":null}},"426":{"start":{"line":1221,"column":5},"end":{"line":1224,"column":null}},"427":{"start":{"line":1226,"column":2},"end":{"line":1230,"column":null}},"428":{"start":{"line":1227,"column":3},"end":{"line":1229,"column":null}},"429":{"start":{"line":1231,"column":2},"end":{"line":1231,"column":null}},"430":{"start":{"line":1233,"column":2},"end":{"line":1233,"column":null}},"431":{"start":{"line":1234,"column":2},"end":{"line":1236,"column":null}},"432":{"start":{"line":1235,"column":3},"end":{"line":1235,"column":null}},"433":{"start":{"line":1237,"column":2},"end":{"line":1241,"column":null}},"434":{"start":{"line":1242,"column":2},"end":{"line":1242,"column":null}},"435":{"start":{"line":1250,"column":13},"end":{"line":1250,"column":null}},"436":{"start":{"line":1251,"column":15},"end":{"line":1251,"column":null}},"437":{"start":{"line":1252,"column":1},"end":{"line":1267,"column":null}},"438":{"start":{"line":1253,"column":15},"end":{"line":1256,"column":null}},"439":{"start":{"line":1257,"column":2},"end":{"line":1257,"column":null}},"440":{"start":{"line":1257,"column":34},"end":{"line":1257,"column":null}},"441":{"start":{"line":1258,"column":2},"end":{"line":1262,"column":null}},"442":{"start":{"line":1259,"column":3},"end":{"line":1261,"column":null}},"443":{"start":{"line":1263,"column":2},"end":{"line":1263,"column":null}},"444":{"start":{"line":1265,"column":2},"end":{"line":1265,"column":null}},"445":{"start":{"line":1265,"column":19},"end":{"line":1265,"column":null}},"446":{"start":{"line":1266,"column":2},"end":{"line":1266,"column":null}},"447":{"start":{"line":1275,"column":1},"end":{"line":1289,"column":null}},"448":{"start":{"line":1276,"column":14},"end":{"line":1276,"column":null}},"449":{"start":{"line":1277,"column":16},"end":{"line":1277,"column":null}},"450":{"start":{"line":1278,"column":15},"end":{"line":1281,"column":null}},"451":{"start":{"line":1283,"column":4},"end":{"line":1284,"column":null}},"452":{"start":{"line":1285,"column":2},"end":{"line":1285,"column":null}},"453":{"start":{"line":1287,"column":2},"end":{"line":1287,"column":null}},"454":{"start":{"line":1287,"column":19},"end":{"line":1287,"column":null}},"455":{"start":{"line":1288,"column":2},"end":{"line":1288,"column":null}},"456":{"start":{"line":1297,"column":14},"end":{"line":1297,"column":null}},"457":{"start":{"line":1298,"column":1},"end":{"line":1298,"column":null}},"458":{"start":{"line":1298,"column":12},"end":{"line":1298,"column":null}},"459":{"start":{"line":1299,"column":1},"end":{"line":1315,"column":null}},"460":{"start":{"line":1300,"column":2},"end":{"line":1303,"column":null}},"461":{"start":{"line":1304,"column":18},"end":{"line":1304,"column":null}},"462":{"start":{"line":1305,"column":17},"end":{"line":1305,"column":null}},"463":{"start":{"line":1306,"column":2},"end":{"line":1310,"column":null}},"464":{"start":{"line":1311,"column":2},"end":{"line":1311,"column":null}},"465":{"start":{"line":1313,"column":2},"end":{"line":1313,"column":null}},"466":{"start":{"line":1313,"column":19},"end":{"line":1313,"column":null}},"467":{"start":{"line":1314,"column":2},"end":{"line":1314,"column":null}},"468":{"start":{"line":1326,"column":19},"end":{"line":1326,"column":null}},"469":{"start":{"line":1327,"column":21},"end":{"line":1327,"column":null}},"470":{"start":{"line":1330,"column":1},"end":{"line":1362,"column":null}},"471":{"start":{"line":1331,"column":2},"end":{"line":1341,"column":null}},"472":{"start":{"line":1343,"column":18},"end":{"line":1345,"column":null}},"473":{"start":{"line":1347,"column":3},"end":{"line":1347,"column":null}},"474":{"start":{"line":1348,"column":2},"end":{"line":1351,"column":null}},"475":{"start":{"line":1349,"column":3},"end":{"line":1349,"column":null}},"476":{"start":{"line":1350,"column":3},"end":{"line":1350,"column":null}},"477":{"start":{"line":1352,"column":2},"end":{"line":1355,"column":null}},"478":{"start":{"line":1353,"column":3},"end":{"line":1355,"column":null}},"479":{"start":{"line":1357,"column":2},"end":{"line":1361,"column":null}},"480":{"start":{"line":1358,"column":3},"end":{"line":1361,"column":null}},"481":{"start":{"line":1365,"column":1},"end":{"line":1393,"column":null}},"482":{"start":{"line":1366,"column":2},"end":{"line":1373,"column":null}},"483":{"start":{"line":1374,"column":18},"end":{"line":1376,"column":null}},"484":{"start":{"line":1378,"column":3},"end":{"line":1378,"column":null}},"485":{"start":{"line":1379,"column":2},"end":{"line":1382,"column":null}},"486":{"start":{"line":1380,"column":3},"end":{"line":1380,"column":null}},"487":{"start":{"line":1381,"column":3},"end":{"line":1381,"column":null}},"488":{"start":{"line":1383,"column":2},"end":{"line":1386,"column":null}},"489":{"start":{"line":1384,"column":3},"end":{"line":1386,"column":null}},"490":{"start":{"line":1388,"column":2},"end":{"line":1392,"column":null}},"491":{"start":{"line":1389,"column":3},"end":{"line":1392,"column":null}},"492":{"start":{"line":1396,"column":1},"end":{"line":1420,"column":null}},"493":{"start":{"line":1397,"column":2},"end":{"line":1413,"column":null}},"494":{"start":{"line":1398,"column":3},"end":{"line":1401,"column":null}},"495":{"start":{"line":1402,"column":19},"end":{"line":1404,"column":null}},"496":{"start":{"line":1406,"column":4},"end":{"line":1406,"column":null}},"497":{"start":{"line":1407,"column":3},"end":{"line":1411,"column":null}},"498":{"start":{"line":1412,"column":3},"end":{"line":1412,"column":null}},"499":{"start":{"line":1415,"column":2},"end":{"line":1419,"column":null}},"500":{"start":{"line":1416,"column":3},"end":{"line":1419,"column":null}},"501":{"start":{"line":1423,"column":1},"end":{"line":1436,"column":null}},"502":{"start":{"line":1424,"column":19},"end":{"line":1424,"column":null}},"503":{"start":{"line":1425,"column":2},"end":{"line":1433,"column":null}},"504":{"start":{"line":1426,"column":30},"end":{"line":1426,"column":null}},"505":{"start":{"line":1427,"column":3},"end":{"line":1430,"column":null}},"506":{"start":{"line":1431,"column":3},"end":{"line":1431,"column":null}},"507":{"start":{"line":1432,"column":3},"end":{"line":1432,"column":null}},"508":{"start":{"line":1435,"column":2},"end":{"line":1435,"column":null}},"509":{"start":{"line":1435,"column":19},"end":{"line":1435,"column":null}},"510":{"start":{"line":1439,"column":33},"end":{"line":1443,"column":null}},"511":{"start":{"line":1444,"column":1},"end":{"line":1444,"column":null}},"512":{"start":{"line":1444,"column":30},"end":{"line":1444,"column":null}},"513":{"start":{"line":1446,"column":1},"end":{"line":1446,"column":null}},"514":{"start":{"line":1447,"column":1},"end":{"line":1451,"column":null}},"515":{"start":{"line":1452,"column":1},"end":{"line":1456,"column":null}},"516":{"start":{"line":1457,"column":1},"end":{"line":1457,"column":null}},"517":{"start":{"line":1469,"column":11},"end":{"line":1469,"column":null}},"518":{"start":{"line":1470,"column":16},"end":{"line":1470,"column":null}},"519":{"start":{"line":1471,"column":1},"end":{"line":1471,"column":null}},"520":{"start":{"line":1471,"column":21},"end":{"line":1471,"column":null}},"521":{"start":{"line":1472,"column":1},"end":{"line":1472,"column":null}},"522":{"start":{"line":1472,"column":23},"end":{"line":1472,"column":null}},"523":{"start":{"line":1473,"column":1},"end":{"line":1473,"column":null}},"524":{"start":{"line":1473,"column":16},"end":{"line":1473,"column":null}},"525":{"start":{"line":1474,"column":1},"end":{"line":1474,"column":null}},"526":{"start":{"line":1474,"column":17},"end":{"line":1474,"column":null}},"527":{"start":{"line":1475,"column":1},"end":{"line":1475,"column":null}},"528":{"start":{"line":1483,"column":16},"end":{"line":1483,"column":null}},"529":{"start":{"line":1484,"column":1},"end":{"line":1486,"column":null}},"530":{"start":{"line":1487,"column":15},"end":{"line":1487,"column":null}},"531":{"start":{"line":1488,"column":1},"end":{"line":1490,"column":null}},"532":{"start":{"line":1489,"column":2},"end":{"line":1489,"column":null}},"533":{"start":{"line":1500,"column":13},"end":{"line":1500,"column":null}},"534":{"start":{"line":1501,"column":16},"end":{"line":1501,"column":null}},"535":{"start":{"line":1502,"column":7},"end":{"line":1502,"column":null}},"536":{"start":{"line":1504,"column":13},"end":{"line":1504,"column":null}},"537":{"start":{"line":1505,"column":14},"end":{"line":1505,"column":null}},"538":{"start":{"line":1507,"column":1},"end":{"line":1509,"column":null}},"539":{"start":{"line":1511,"column":21},"end":{"line":1516,"column":null}},"540":{"start":{"line":1512,"column":2},"end":{"line":1512,"column":null}},"541":{"start":{"line":1512,"column":13},"end":{"line":1512,"column":null}},"542":{"start":{"line":1513,"column":2},"end":{"line":1515,"column":null}},"543":{"start":{"line":1514,"column":3},"end":{"line":1514,"column":null}},"544":{"start":{"line":1518,"column":19},"end":{"line":1518,"column":null}},"545":{"start":{"line":1519,"column":1},"end":{"line":1523,"column":null}},"546":{"start":{"line":1520,"column":2},"end":{"line":1520,"column":null}},"547":{"start":{"line":1520,"column":20},"end":{"line":1520,"column":null}},"548":{"start":{"line":1521,"column":2},"end":{"line":1521,"column":null}},"549":{"start":{"line":1522,"column":2},"end":{"line":1522,"column":null}},"550":{"start":{"line":1525,"column":18},"end":{"line":1525,"column":null}},"551":{"start":{"line":1526,"column":1},"end":{"line":1557,"column":null}},"552":{"start":{"line":1527,"column":2},"end":{"line":1553,"column":null}},"553":{"start":{"line":1528,"column":20},"end":{"line":1532,"column":null}},"554":{"start":{"line":1534,"column":27},"end":{"line":1540,"column":null}},"555":{"start":{"line":1535,"column":36},"end":{"line":1535,"column":61}},"556":{"start":{"line":1537,"column":16},"end":{"line":1537,"column":null}},"557":{"start":{"line":1538,"column":16},"end":{"line":1538,"column":null}},"558":{"start":{"line":1539,"column":5},"end":{"line":1539,"column":null}},"559":{"start":{"line":1542,"column":3},"end":{"line":1550,"column":null}},"560":{"start":{"line":1543,"column":4},"end":{"line":1543,"column":null}},"561":{"start":{"line":1543,"column":25},"end":{"line":1543,"column":null}},"562":{"start":{"line":1544,"column":4},"end":{"line":1544,"column":null}},"563":{"start":{"line":1545,"column":17},"end":{"line":1545,"column":null}},"564":{"start":{"line":1546,"column":20},"end":{"line":1546,"column":null}},"565":{"start":{"line":1547,"column":4},"end":{"line":1547,"column":null}},"566":{"start":{"line":1548,"column":4},"end":{"line":1548,"column":null}},"567":{"start":{"line":1549,"column":4},"end":{"line":1549,"column":null}},"568":{"start":{"line":1552,"column":3},"end":{"line":1552,"column":null}},"569":{"start":{"line":1555,"column":2},"end":{"line":1555,"column":null}},"570":{"start":{"line":1556,"column":2},"end":{"line":1556,"column":null}},"571":{"start":{"line":1567,"column":18},"end":{"line":1598,"column":null}},"572":{"start":{"line":1570,"column":14},"end":{"line":1572,"column":null}},"573":{"start":{"line":1573,"column":3},"end":{"line":1573,"column":null}},"574":{"start":{"line":1575,"column":21},"end":{"line":1585,"column":null}},"575":{"start":{"line":1586,"column":3},"end":{"line":1586,"column":null}},"576":{"start":{"line":1586,"column":19},"end":{"line":1586,"column":null}},"577":{"start":{"line":1587,"column":3},"end":{"line":1596,"column":null}},"578":{"start":{"line":1588,"column":4},"end":{"line":1588,"column":null}},"579":{"start":{"line":1589,"column":4},"end":{"line":1591,"column":null}},"580":{"start":{"line":1590,"column":5},"end":{"line":1590,"column":null}},"581":{"start":{"line":1593,"column":4},"end":{"line":1595,"column":null}},"582":{"start":{"line":1600,"column":1},"end":{"line":1604,"column":null}},"583":{"start":{"line":1605,"column":1},"end":{"line":1610,"column":null}},"584":{"start":{"line":1606,"column":2},"end":{"line":1609,"column":null}},"585":{"start":{"line":1607,"column":3},"end":{"line":1607,"column":null}},"586":{"start":{"line":1608,"column":3},"end":{"line":1608,"column":null}},"587":{"start":{"line":1612,"column":1},"end":{"line":1614,"column":null}},"588":{"start":{"line":1613,"column":2},"end":{"line":1613,"column":null}},"589":{"start":{"line":1629,"column":1},"end":{"line":1629,"column":null}},"590":{"start":{"line":1630,"column":21},"end":{"line":1630,"column":null}},"591":{"start":{"line":1631,"column":21},"end":{"line":1631,"column":null}},"592":{"start":{"line":1633,"column":1},"end":{"line":1635,"column":null}},"593":{"start":{"line":1634,"column":2},"end":{"line":1634,"column":null}},"594":{"start":{"line":1636,"column":1},"end":{"line":1638,"column":null}},"595":{"start":{"line":1637,"column":2},"end":{"line":1637,"column":null}},"596":{"start":{"line":1640,"column":1},"end":{"line":1646,"column":null}},"597":{"start":{"line":1641,"column":2},"end":{"line":1643,"column":null}},"598":{"start":{"line":1642,"column":3},"end":{"line":1642,"column":null}},"599":{"start":{"line":1644,"column":2},"end":{"line":1644,"column":null}},"600":{"start":{"line":1645,"column":2},"end":{"line":1645,"column":null}},"601":{"start":{"line":1648,"column":16},"end":{"line":1648,"column":null}},"602":{"start":{"line":1649,"column":1},"end":{"line":1649,"column":null}},"603":{"start":{"line":1649,"column":14},"end":{"line":1649,"column":null}},"604":{"start":{"line":1650,"column":1},"end":{"line":1650,"column":null}},"605":{"start":{"line":1650,"column":24},"end":{"line":1650,"column":null}},"606":{"start":{"line":1651,"column":1},"end":{"line":1656,"column":null}},"607":{"start":{"line":1665,"column":15},"end":{"line":1665,"column":null}},"608":{"start":{"line":1666,"column":25},"end":{"line":1666,"column":null}},"609":{"start":{"line":1667,"column":1},"end":{"line":1669,"column":null}},"610":{"start":{"line":1668,"column":2},"end":{"line":1668,"column":null}},"611":{"start":{"line":1670,"column":1},"end":{"line":1672,"column":null}},"612":{"start":{"line":1671,"column":2},"end":{"line":1671,"column":null}},"613":{"start":{"line":1674,"column":18},"end":{"line":1674,"column":null}},"614":{"start":{"line":1675,"column":1},"end":{"line":1678,"column":null}},"615":{"start":{"line":1676,"column":2},"end":{"line":1676,"column":null}},"616":{"start":{"line":1677,"column":2},"end":{"line":1677,"column":null}},"617":{"start":{"line":1679,"column":1},"end":{"line":1682,"column":null}},"618":{"start":{"line":1680,"column":2},"end":{"line":1680,"column":null}},"619":{"start":{"line":1681,"column":2},"end":{"line":1681,"column":null}},"620":{"start":{"line":1683,"column":1},"end":{"line":1685,"column":null}},"621":{"start":{"line":1684,"column":2},"end":{"line":1684,"column":null}},"622":{"start":{"line":1699,"column":14},"end":{"line":1699,"column":null}},"623":{"start":{"line":1700,"column":1},"end":{"line":1702,"column":null}},"624":{"start":{"line":1701,"column":2},"end":{"line":1701,"column":null}},"625":{"start":{"line":1703,"column":1},"end":{"line":1703,"column":null}},"626":{"start":{"line":1705,"column":16},"end":{"line":1710,"column":null}},"627":{"start":{"line":1711,"column":1},"end":{"line":1711,"column":null}},"628":{"start":{"line":1725,"column":14},"end":{"line":1725,"column":null}},"629":{"start":{"line":1726,"column":1},"end":{"line":1728,"column":null}},"630":{"start":{"line":1727,"column":2},"end":{"line":1727,"column":null}},"631":{"start":{"line":1730,"column":1},"end":{"line":1730,"column":null}},"632":{"start":{"line":1733,"column":13},"end":{"line":1733,"column":null}},"633":{"start":{"line":1734,"column":1},"end":{"line":1734,"column":null}},"634":{"start":{"line":1737,"column":1},"end":{"line":1737,"column":null}},"635":{"start":{"line":1738,"column":14},"end":{"line":1738,"column":null}},"636":{"start":{"line":1739,"column":19},"end":{"line":1739,"column":null}},"637":{"start":{"line":1740,"column":1},"end":{"line":1740,"column":null}},"638":{"start":{"line":1743,"column":16},"end":{"line":1748,"column":null}},"639":{"start":{"line":1751,"column":16},"end":{"line":1751,"column":null}},"640":{"start":{"line":1752,"column":19},"end":{"line":1756,"column":null}},"641":{"start":{"line":1757,"column":1},"end":{"line":1757,"column":null}},"642":{"start":{"line":1759,"column":1},"end":{"line":1761,"column":null}},"643":{"start":{"line":1762,"column":1},"end":{"line":1762,"column":null}},"644":{"start":{"line":1778,"column":14},"end":{"line":1778,"column":null}},"645":{"start":{"line":1779,"column":34},"end":{"line":1779,"column":null}},"646":{"start":{"line":1780,"column":1},"end":{"line":1784,"column":null}},"647":{"start":{"line":1781,"column":2},"end":{"line":1781,"column":null}},"648":{"start":{"line":1781,"column":23},"end":{"line":1781,"column":null}},"649":{"start":{"line":1782,"column":2},"end":{"line":1782,"column":null}},"650":{"start":{"line":1783,"column":2},"end":{"line":1783,"column":null}},"651":{"start":{"line":1785,"column":1},"end":{"line":1785,"column":null}},"652":{"start":{"line":1789,"column":1},"end":{"line":1793,"column":null}},"653":{"start":{"line":1790,"column":13},"end":{"line":1790,"column":null}},"654":{"start":{"line":1791,"column":13},"end":{"line":1791,"column":null}},"655":{"start":{"line":1792,"column":2},"end":{"line":1792,"column":null}},"656":{"start":{"line":1797,"column":12},"end":{"line":1797,"column":null}},"657":{"start":{"line":1799,"column":2},"end":{"line":1803,"column":null}},"658":{"start":{"line":1804,"column":16},"end":{"line":1804,"column":null}},"659":{"start":{"line":1806,"column":2},"end":{"line":1808,"column":null}},"660":{"start":{"line":1809,"column":7},"end":{"line":1809,"column":null}},"661":{"start":{"line":1811,"column":2},"end":{"line":1811,"column":null}},"662":{"start":{"line":1812,"column":1},"end":{"line":1812,"column":null}},"663":{"start":{"line":1820,"column":13},"end":{"line":1820,"column":null}},"664":{"start":{"line":1821,"column":16},"end":{"line":1821,"column":null}},"665":{"start":{"line":1822,"column":7},"end":{"line":1822,"column":null}},"666":{"start":{"line":1823,"column":15},"end":{"line":1823,"column":null}},"667":{"start":{"line":1826,"column":20},"end":{"line":1826,"column":null}},"668":{"start":{"line":1827,"column":17},"end":{"line":1831,"column":null}},"669":{"start":{"line":1832,"column":18},"end":{"line":1836,"column":null}},"670":{"start":{"line":1838,"column":18},"end":{"line":1850,"column":null}},"671":{"start":{"line":1839,"column":40},"end":{"line":1849,"column":4}},"672":{"start":{"line":1852,"column":1},"end":{"line":1852,"column":null}},"673":{"start":{"line":1855,"column":0},"end":{"line":1858,"column":null}},"674":{"start":{"line":1860,"column":0},"end":{"line":1872,"column":null}},"675":{"start":{"line":1865,"column":2},"end":{"line":1865,"column":null}},"676":{"start":{"line":1866,"column":2},"end":{"line":1871,"column":null}},"677":{"start":{"line":1867,"column":3},"end":{"line":1867,"column":null}},"678":{"start":{"line":1869,"column":3},"end":{"line":1869,"column":null}},"679":{"start":{"line":1870,"column":3},"end":{"line":1870,"column":null}},"680":{"start":{"line":1874,"column":0},"end":{"line":1901,"column":null}},"681":{"start":{"line":1894,"column":15},"end":{"line":1894,"column":null}},"682":{"start":{"line":1895,"column":2},"end":{"line":1900,"column":null}},"683":{"start":{"line":1896,"column":3},"end":{"line":1896,"column":null}},"684":{"start":{"line":1898,"column":3},"end":{"line":1898,"column":null}},"685":{"start":{"line":1899,"column":3},"end":{"line":1899,"column":null}},"686":{"start":{"line":1903,"column":0},"end":{"line":1929,"column":null}},"687":{"start":{"line":1916,"column":26},"end":{"line":1916,"column":null}},"688":{"start":{"line":1917,"column":26},"end":{"line":1917,"column":null}},"689":{"start":{"line":1919,"column":2},"end":{"line":1922,"column":null}},"690":{"start":{"line":1920,"column":3},"end":{"line":1920,"column":null}},"691":{"start":{"line":1921,"column":3},"end":{"line":1921,"column":null}},"692":{"start":{"line":1923,"column":2},"end":{"line":1926,"column":null}},"693":{"start":{"line":1924,"column":3},"end":{"line":1924,"column":null}},"694":{"start":{"line":1925,"column":3},"end":{"line":1925,"column":null}},"695":{"start":{"line":1928,"column":2},"end":{"line":1928,"column":null}},"696":{"start":{"line":1931,"column":0},"end":{"line":1946,"column":null}},"697":{"start":{"line":1944,"column":2},"end":{"line":1944,"column":null}},"698":{"start":{"line":1945,"column":2},"end":{"line":1945,"column":null}},"699":{"start":{"line":1948,"column":0},"end":{"line":1970,"column":null}},"700":{"start":{"line":1963,"column":15},"end":{"line":1963,"column":null}},"701":{"start":{"line":1964,"column":2},"end":{"line":1969,"column":null}},"702":{"start":{"line":1965,"column":3},"end":{"line":1965,"column":null}},"703":{"start":{"line":1967,"column":3},"end":{"line":1967,"column":null}},"704":{"start":{"line":1968,"column":3},"end":{"line":1968,"column":null}},"705":{"start":{"line":1972,"column":0},"end":{"line":2000,"column":null}},"706":{"start":{"line":1986,"column":2},"end":{"line":1986,"column":null}},"707":{"start":{"line":1987,"column":26},"end":{"line":1987,"column":null}},"708":{"start":{"line":1988,"column":26},"end":{"line":1988,"column":null}},"709":{"start":{"line":1990,"column":2},"end":{"line":1993,"column":null}},"710":{"start":{"line":1991,"column":3},"end":{"line":1991,"column":null}},"711":{"start":{"line":1992,"column":3},"end":{"line":1992,"column":null}},"712":{"start":{"line":1994,"column":2},"end":{"line":1997,"column":null}},"713":{"start":{"line":1995,"column":3},"end":{"line":1995,"column":null}},"714":{"start":{"line":1996,"column":3},"end":{"line":1996,"column":null}},"715":{"start":{"line":1999,"column":2},"end":{"line":1999,"column":null}},"716":{"start":{"line":2002,"column":0},"end":{"line":2042,"column":null}},"717":{"start":{"line":2026,"column":2},"end":{"line":2026,"column":null}},"718":{"start":{"line":2027,"column":2},"end":{"line":2027,"column":null}},"719":{"start":{"line":2028,"column":15},"end":{"line":2028,"column":null}},"720":{"start":{"line":2029,"column":2},"end":{"line":2041,"column":null}},"721":{"start":{"line":2030,"column":18},"end":{"line":2030,"column":null}},"722":{"start":{"line":2031,"column":3},"end":{"line":2036,"column":null}},"723":{"start":{"line":2032,"column":4},"end":{"line":2035,"column":null}},"724":{"start":{"line":2033,"column":5},"end":{"line":2033,"column":null}},"725":{"start":{"line":2034,"column":5},"end":{"line":2034,"column":null}},"726":{"start":{"line":2037,"column":3},"end":{"line":2037,"column":null}},"727":{"start":{"line":2039,"column":3},"end":{"line":2039,"column":null}},"728":{"start":{"line":2040,"column":3},"end":{"line":2040,"column":null}},"729":{"start":{"line":2044,"column":0},"end":{"line":2071,"column":null}},"730":{"start":{"line":2055,"column":2},"end":{"line":2055,"column":null}},"731":{"start":{"line":2056,"column":2},"end":{"line":2056,"column":null}},"732":{"start":{"line":2057,"column":15},"end":{"line":2057,"column":null}},"733":{"start":{"line":2058,"column":2},"end":{"line":2070,"column":null}},"734":{"start":{"line":2059,"column":22},"end":{"line":2059,"column":null}},"735":{"start":{"line":2060,"column":3},"end":{"line":2065,"column":null}},"736":{"start":{"line":2061,"column":4},"end":{"line":2064,"column":null}},"737":{"start":{"line":2062,"column":5},"end":{"line":2062,"column":null}},"738":{"start":{"line":2063,"column":5},"end":{"line":2063,"column":null}},"739":{"start":{"line":2066,"column":3},"end":{"line":2066,"column":null}},"740":{"start":{"line":2068,"column":3},"end":{"line":2068,"column":null}},"741":{"start":{"line":2069,"column":3},"end":{"line":2069,"column":null}},"742":{"start":{"line":2126,"column":1},"end":{"line":2126,"column":null}},"743":{"start":{"line":2128,"column":0},"end":{"line":2130,"column":null}},"744":{"start":{"line":2129,"column":1},"end":{"line":2129,"column":null}}},"fnMap":{"0":{"name":"createDefaultDeps","decl":{"start":{"line":78,"column":9},"end":{"line":78,"column":38}},"loc":{"start":{"line":78,"column":38},"end":{"line":99,"column":null}},"line":78},"1":{"name":"(anonymous_1)","decl":{"start":{"line":197,"column":7},"end":{"line":197,"column":8}},"loc":{"start":{"line":197,"column":17},"end":{"line":200,"column":null}},"line":197},"2":{"name":"(anonymous_2)","decl":{"start":{"line":212,"column":14},"end":{"line":212,"column":15}},"loc":{"start":{"line":212,"column":28},"end":{"line":232,"column":2}},"line":212},"3":{"name":"readEnv","decl":{"start":{"line":234,"column":9},"end":{"line":234,"column":17}},"loc":{"start":{"line":234,"column":66},"end":{"line":263,"column":null}},"line":234},"4":{"name":"(anonymous_4)","decl":{"start":{"line":239,"column":30},"end":{"line":239,"column":31}},"loc":{"start":{"line":239,"column":39},"end":{"line":239,"column":72}},"line":239},"5":{"name":"runExec","decl":{"start":{"line":271,"column":15},"end":{"line":271,"column":null}},"loc":{"start":{"line":275,"column":23},"end":{"line":297,"column":null}},"line":275},"6":{"name":"runCommandWithTimeout","decl":{"start":{"line":307,"column":15},"end":{"line":307,"column":null}},"loc":{"start":{"line":310,"column":24},"end":{"line":342,"column":null}},"line":310},"7":{"name":"(anonymous_7)","decl":{"start":{"line":312,"column":26},"end":{"line":312,"column":27}},"loc":{"start":{"line":312,"column":47},"end":{"line":341,"column":2}},"line":312},"8":{"name":"(anonymous_8)","decl":{"start":{"line":319,"column":27},"end":{"line":319,"column":33}},"loc":{"start":{"line":319,"column":33},"end":{"line":321,"column":5}},"line":319},"9":{"name":"(anonymous_9)","decl":{"start":{"line":323,"column":27},"end":{"line":323,"column":28}},"loc":{"start":{"line":323,"column":34},"end":{"line":325,"column":3}},"line":323},"10":{"name":"(anonymous_10)","decl":{"start":{"line":326,"column":27},"end":{"line":326,"column":28}},"loc":{"start":{"line":326,"column":34},"end":{"line":328,"column":3}},"line":326},"11":{"name":"(anonymous_11)","decl":{"start":{"line":329,"column":20},"end":{"line":329,"column":21}},"loc":{"start":{"line":329,"column":29},"end":{"line":334,"column":3}},"line":329},"12":{"name":"(anonymous_12)","decl":{"start":{"line":335,"column":20},"end":{"line":335,"column":21}},"loc":{"start":{"line":335,"column":38},"end":{"line":340,"column":3}},"line":335},"13":{"name":"(anonymous_13)","decl":{"start":{"line":349,"column":1},"end":{"line":349,"column":13}},"loc":{"start":{"line":349,"column":45},"end":{"line":354,"column":null}},"line":349},"14":{"name":"isErrno","decl":{"start":{"line":357,"column":9},"end":{"line":357,"column":17}},"loc":{"start":{"line":357,"column":61},"end":{"line":359,"column":null}},"line":357},"15":{"name":"describePortOwner","decl":{"start":{"line":361,"column":15},"end":{"line":361,"column":33}},"loc":{"start":{"line":361,"column":76},"end":{"line":376,"column":null}},"line":361},"16":{"name":"ensurePortAvailable","decl":{"start":{"line":378,"column":15},"end":{"line":378,"column":35}},"loc":{"start":{"line":378,"column":64},"end":{"line":397,"column":null}},"line":378},"17":{"name":"(anonymous_17)","decl":{"start":{"line":381,"column":26},"end":{"line":381,"column":27}},"loc":{"start":{"line":381,"column":47},"end":{"line":389,"column":3}},"line":381},"18":{"name":"(anonymous_18)","decl":{"start":{"line":384,"column":19},"end":{"line":384,"column":20}},"loc":{"start":{"line":384,"column":28},"end":{"line":384,"column":39}},"line":384},"19":{"name":"(anonymous_19)","decl":{"start":{"line":385,"column":23},"end":{"line":385,"column":29}},"loc":{"start":{"line":385,"column":29},"end":{"line":387,"column":5}},"line":385},"20":{"name":"(anonymous_20)","decl":{"start":{"line":386,"column":18},"end":{"line":386,"column":24}},"loc":{"start":{"line":386,"column":24},"end":{"line":386,"column":33}},"line":386},"21":{"name":"handlePortError","decl":{"start":{"line":399,"column":15},"end":{"line":399,"column":null}},"loc":{"start":{"line":404,"column":18},"end":{"line":434,"column":null}},"line":404},"22":{"name":"ensureBinary","decl":{"start":{"line":436,"column":15},"end":{"line":436,"column":null}},"loc":{"start":{"line":440,"column":17},"end":{"line":446,"column":null}},"line":440},"23":{"name":"(anonymous_23)","decl":{"start":{"line":442,"column":35},"end":{"line":442,"column":41}},"loc":{"start":{"line":442,"column":41},"end":{"line":445,"column":2}},"line":442},"24":{"name":"promptYesNo","decl":{"start":{"line":448,"column":15},"end":{"line":448,"column":null}},"loc":{"start":{"line":451,"column":20},"end":{"line":462,"column":null}},"line":451},"25":{"name":"loadConfig","decl":{"start":{"line":495,"column":9},"end":{"line":495,"column":37}},"loc":{"start":{"line":495,"column":37},"end":{"line":507,"column":null}},"line":495},"26":{"name":"applyTemplate","decl":{"start":{"line":520,"column":9},"end":{"line":520,"column":23}},"loc":{"start":{"line":520,"column":58},"end":{"line":526,"column":null}},"line":520},"27":{"name":"(anonymous_27)","decl":{"start":{"line":522,"column":40},"end":{"line":522,"column":41}},"loc":{"start":{"line":522,"column":52},"end":{"line":525,"column":2}},"line":522},"28":{"name":"resolveStorePath","decl":{"start":{"line":540,"column":9},"end":{"line":540,"column":26}},"loc":{"start":{"line":540,"column":42},"end":{"line":544,"column":null}},"line":540},"29":{"name":"loadSessionStore","decl":{"start":{"line":546,"column":9},"end":{"line":546,"column":26}},"loc":{"start":{"line":546,"column":75},"end":{"line":557,"column":null}},"line":546},"30":{"name":"saveSessionStore","decl":{"start":{"line":559,"column":15},"end":{"line":559,"column":32}},"loc":{"start":{"line":559,"column":88},"end":{"line":562,"column":null}},"line":559},"31":{"name":"deriveSessionKey","decl":{"start":{"line":564,"column":9},"end":{"line":564,"column":26}},"loc":{"start":{"line":564,"column":64},"end":{"line":568,"column":null}},"line":564},"32":{"name":"getReplyFromConfig","decl":{"start":{"line":570,"column":15},"end":{"line":570,"column":null}},"loc":{"start":{"line":575,"column":31},"end":{"line":754,"column":null}},"line":575},"33":{"name":"(anonymous_33)","decl":{"start":{"line":582,"column":22},"end":{"line":582,"column":34}},"loc":{"start":{"line":582,"column":34},"end":{"line":586,"column":null}},"line":582},"34":{"name":"(anonymous_34)","decl":{"start":{"line":680,"column":31},"end":{"line":680,"column":32}},"loc":{"start":{"line":680,"column":41},"end":{"line":680,"column":75}},"line":680},"35":{"name":"(anonymous_35)","decl":{"start":{"line":693,"column":9},"end":{"line":693,"column":10}},"loc":{"start":{"line":693,"column":19},"end":{"line":693,"column":53}},"line":693},"36":{"name":"autoReplyIfConfigured","decl":{"start":{"line":756,"column":15},"end":{"line":756,"column":null}},"loc":{"start":{"line":761,"column":17},"end":{"line":810,"column":null}},"line":761},"37":{"name":"(anonymous_37)","decl":{"start":{"line":773,"column":17},"end":{"line":773,"column":23}},"loc":{"start":{"line":773,"column":23},"end":{"line":773,"column":null}},"line":773},"38":{"name":"createClient","decl":{"start":{"line":812,"column":9},"end":{"line":812,"column":22}},"loc":{"start":{"line":812,"column":38},"end":{"line":822,"column":null}},"line":812},"39":{"name":"sendTypingIndicator","decl":{"start":{"line":824,"column":15},"end":{"line":824,"column":null}},"loc":{"start":{"line":828,"column":2},"end":{"line":851,"column":null}},"line":828},"40":{"name":"sendMessage","decl":{"start":{"line":853,"column":15},"end":{"line":853,"column":null}},"loc":{"start":{"line":857,"column":2},"end":{"line":902,"column":null}},"line":857},"41":{"name":"waitForFinalStatus","decl":{"start":{"line":907,"column":15},"end":{"line":907,"column":null}},"loc":{"start":{"line":913,"column":2},"end":{"line":936,"column":null}},"line":913},"42":{"name":"startWebhook","decl":{"start":{"line":938,"column":15},"end":{"line":938,"column":null}},"loc":{"start":{"line":944,"column":34},"end":{"line":1030,"column":null}},"line":944},"43":{"name":"(anonymous_43)","decl":{"start":{"line":952,"column":9},"end":{"line":952,"column":10}},"loc":{"start":{"line":952,"column":30},"end":{"line":955,"column":2}},"line":952},"44":{"name":"(anonymous_44)","decl":{"start":{"line":957,"column":26},"end":{"line":957,"column":33}},"loc":{"start":{"line":957,"column":65},"end":{"line":999,"column":2}},"line":957},"45":{"name":"(anonymous_45)","decl":{"start":{"line":977,"column":19},"end":{"line":977,"column":25}},"loc":{"start":{"line":977,"column":25},"end":{"line":977,"column":null}},"line":977},"46":{"name":"(anonymous_46)","decl":{"start":{"line":1001,"column":9},"end":{"line":1001,"column":10}},"loc":{"start":{"line":1001,"column":24},"end":{"line":1004,"column":2}},"line":1001},"47":{"name":"(anonymous_47)","decl":{"start":{"line":1006,"column":26},"end":{"line":1006,"column":27}},"loc":{"start":{"line":1006,"column":47},"end":{"line":1029,"column":2}},"line":1006},"48":{"name":"(anonymous_48)","decl":{"start":{"line":1009,"column":22},"end":{"line":1009,"column":28}},"loc":{"start":{"line":1009,"column":28},"end":{"line":1015,"column":null}},"line":1009},"49":{"name":"(anonymous_49)","decl":{"start":{"line":1017,"column":18},"end":{"line":1017,"column":19}},"loc":{"start":{"line":1017,"column":50},"end":{"line":1020,"column":null}},"line":1017},"50":{"name":"(anonymous_50)","decl":{"start":{"line":1022,"column":18},"end":{"line":1022,"column":24}},"loc":{"start":{"line":1022,"column":24},"end":{"line":1025,"column":null}},"line":1022},"51":{"name":"waitForever","decl":{"start":{"line":1032,"column":9},"end":{"line":1032,"column":23}},"loc":{"start":{"line":1032,"column":23},"end":{"line":1039,"column":null}},"line":1032},"52":{"name":"(anonymous_52)","decl":{"start":{"line":1034,"column":30},"end":{"line":1034,"column":36}},"loc":{"start":{"line":1034,"column":36},"end":{"line":1034,"column":40}},"line":1034},"53":{"name":"(anonymous_53)","decl":{"start":{"line":1036,"column":26},"end":{"line":1036,"column":32}},"loc":{"start":{"line":1036,"column":32},"end":{"line":1038,"column":2}},"line":1036},"54":{"name":"getTailnetHostname","decl":{"start":{"line":1041,"column":15},"end":{"line":1041,"column":34}},"loc":{"start":{"line":1041,"column":66},"end":{"line":1057,"column":null}},"line":1041},"55":{"name":"ensureGoInstalled","decl":{"start":{"line":1059,"column":15},"end":{"line":1059,"column":null}},"loc":{"start":{"line":1063,"column":2},"end":{"line":1080,"column":null}},"line":1063},"56":{"name":"(anonymous_56)","decl":{"start":{"line":1066,"column":2},"end":{"line":1066,"column":8}},"loc":{"start":{"line":1066,"column":8},"end":{"line":1066,"column":null}},"line":1066},"57":{"name":"(anonymous_57)","decl":{"start":{"line":1067,"column":2},"end":{"line":1067,"column":8}},"loc":{"start":{"line":1067,"column":8},"end":{"line":1067,"column":null}},"line":1067},"58":{"name":"ensureTailscaledInstalled","decl":{"start":{"line":1082,"column":15},"end":{"line":1082,"column":null}},"loc":{"start":{"line":1086,"column":2},"end":{"line":1104,"column":null}},"line":1086},"59":{"name":"(anonymous_59)","decl":{"start":{"line":1089,"column":2},"end":{"line":1089,"column":8}},"loc":{"start":{"line":1089,"column":8},"end":{"line":1089,"column":null}},"line":1089},"60":{"name":"(anonymous_60)","decl":{"start":{"line":1090,"column":2},"end":{"line":1090,"column":8}},"loc":{"start":{"line":1090,"column":8},"end":{"line":1090,"column":null}},"line":1090},"61":{"name":"ensureFunnel","decl":{"start":{"line":1106,"column":15},"end":{"line":1106,"column":null}},"loc":{"start":{"line":1111,"column":2},"end":{"line":1195,"column":null}},"line":1111},"62":{"name":"findWhatsappSenderSid","decl":{"start":{"line":1197,"column":15},"end":{"line":1197,"column":null}},"loc":{"start":{"line":1202,"column":2},"end":{"line":1244,"column":null}},"line":1202},"63":{"name":"(anonymous_63)","decl":{"start":{"line":1220,"column":3},"end":{"line":1220,"column":4}},"loc":{"start":{"line":1221,"column":5},"end":{"line":1224,"column":null}},"line":1221},"64":{"name":"findIncomingNumberSid","decl":{"start":{"line":1246,"column":15},"end":{"line":1246,"column":null}},"loc":{"start":{"line":1248,"column":26},"end":{"line":1268,"column":null}},"line":1248},"65":{"name":"findMessagingServiceSid","decl":{"start":{"line":1270,"column":15},"end":{"line":1270,"column":null}},"loc":{"start":{"line":1272,"column":26},"end":{"line":1290,"column":null}},"line":1272},"66":{"name":"setMessagingServiceWebhook","decl":{"start":{"line":1292,"column":15},"end":{"line":1292,"column":null}},"loc":{"start":{"line":1296,"column":20},"end":{"line":1316,"column":null}},"line":1296},"67":{"name":"updateWebhook","decl":{"start":{"line":1318,"column":15},"end":{"line":1318,"column":null}},"loc":{"start":{"line":1324,"column":2},"end":{"line":1458,"column":null}},"line":1324},"68":{"name":"formatTwilioError","decl":{"start":{"line":1468,"column":9},"end":{"line":1468,"column":27}},"loc":{"start":{"line":1468,"column":49},"end":{"line":1476,"column":null}},"line":1468},"69":{"name":"logTwilioSendError","decl":{"start":{"line":1478,"column":9},"end":{"line":1478,"column":null}},"loc":{"start":{"line":1482,"column":2},"end":{"line":1491,"column":null}},"line":1482},"70":{"name":"monitor","decl":{"start":{"line":1493,"column":15},"end":{"line":1493,"column":null}},"loc":{"start":{"line":1498,"column":2},"end":{"line":1558,"column":null}},"line":1498},"71":{"name":"(anonymous_71)","decl":{"start":{"line":1511,"column":21},"end":{"line":1511,"column":22}},"loc":{"start":{"line":1511,"column":45},"end":{"line":1516,"column":null}},"line":1511},"72":{"name":"(anonymous_72)","decl":{"start":{"line":1519,"column":24},"end":{"line":1519,"column":30}},"loc":{"start":{"line":1519,"column":30},"end":{"line":1523,"column":2}},"line":1519},"73":{"name":"(anonymous_73)","decl":{"start":{"line":1535,"column":12},"end":{"line":1535,"column":13}},"loc":{"start":{"line":1535,"column":36},"end":{"line":1535,"column":61}},"line":1535},"74":{"name":"(anonymous_74)","decl":{"start":{"line":1536,"column":10},"end":{"line":1536,"column":11}},"loc":{"start":{"line":1536,"column":54},"end":{"line":1540,"column":5}},"line":1536},"75":{"name":"monitorWebProvider","decl":{"start":{"line":1560,"column":15},"end":{"line":1560,"column":null}},"loc":{"start":{"line":1565,"column":2},"end":{"line":1615,"column":null}},"line":1565},"76":{"name":"(anonymous_76)","decl":{"start":{"line":1569,"column":13},"end":{"line":1569,"column":20}},"loc":{"start":{"line":1569,"column":28},"end":{"line":1597,"column":null}},"line":1569},"77":{"name":"(anonymous_77)","decl":{"start":{"line":1605,"column":22},"end":{"line":1605,"column":28}},"loc":{"start":{"line":1605,"column":28},"end":{"line":1610,"column":2}},"line":1605},"78":{"name":"(anonymous_78)","decl":{"start":{"line":1606,"column":32},"end":{"line":1606,"column":38}},"loc":{"start":{"line":1606,"column":38},"end":{"line":1609,"column":3}},"line":1606},"79":{"name":"performSend","decl":{"start":{"line":1617,"column":15},"end":{"line":1617,"column":null}},"loc":{"start":{"line":1628,"column":2},"end":{"line":1657,"column":null}},"line":1628},"80":{"name":"performStatus","decl":{"start":{"line":1659,"column":15},"end":{"line":1659,"column":null}},"loc":{"start":{"line":1664,"column":2},"end":{"line":1686,"column":null}},"line":1664},"81":{"name":"performWebhookSetup","decl":{"start":{"line":1688,"column":15},"end":{"line":1688,"column":null}},"loc":{"start":{"line":1698,"column":2},"end":{"line":1712,"column":null}},"line":1698},"82":{"name":"performUp","decl":{"start":{"line":1714,"column":15},"end":{"line":1714,"column":null}},"loc":{"start":{"line":1724,"column":2},"end":{"line":1763,"column":null}},"line":1724},"83":{"name":"uniqueBySid","decl":{"start":{"line":1777,"column":9},"end":{"line":1777,"column":21}},"loc":{"start":{"line":1777,"column":65},"end":{"line":1786,"column":null}},"line":1777},"84":{"name":"sortByDateDesc","decl":{"start":{"line":1788,"column":9},"end":{"line":1788,"column":24}},"loc":{"start":{"line":1788,"column":68},"end":{"line":1794,"column":null}},"line":1788},"85":{"name":"(anonymous_85)","decl":{"start":{"line":1789,"column":27},"end":{"line":1789,"column":28}},"loc":{"start":{"line":1789,"column":37},"end":{"line":1793,"column":2}},"line":1789},"86":{"name":"formatMessageLine","decl":{"start":{"line":1796,"column":9},"end":{"line":1796,"column":27}},"loc":{"start":{"line":1796,"column":53},"end":{"line":1813,"column":null}},"line":1796},"87":{"name":"listRecentMessages","decl":{"start":{"line":1815,"column":15},"end":{"line":1815,"column":null}},"loc":{"start":{"line":1819,"column":28},"end":{"line":1853,"column":null}},"line":1819},"88":{"name":"(anonymous_88)","decl":{"start":{"line":1839,"column":32},"end":{"line":1839,"column":33}},"loc":{"start":{"line":1839,"column":40},"end":{"line":1849,"column":4}},"line":1839},"89":{"name":"(anonymous_89)","decl":{"start":{"line":1864,"column":9},"end":{"line":1864,"column":16}},"loc":{"start":{"line":1864,"column":25},"end":{"line":1872,"column":2}},"line":1864},"90":{"name":"(anonymous_90)","decl":{"start":{"line":1893,"column":9},"end":{"line":1893,"column":16}},"loc":{"start":{"line":1893,"column":25},"end":{"line":1901,"column":2}},"line":1893},"91":{"name":"(anonymous_91)","decl":{"start":{"line":1915,"column":9},"end":{"line":1915,"column":16}},"loc":{"start":{"line":1915,"column":25},"end":{"line":1929,"column":2}},"line":1915},"92":{"name":"(anonymous_92)","decl":{"start":{"line":1943,"column":9},"end":{"line":1943,"column":16}},"loc":{"start":{"line":1943,"column":25},"end":{"line":1946,"column":2}},"line":1943},"93":{"name":"(anonymous_93)","decl":{"start":{"line":1962,"column":9},"end":{"line":1962,"column":16}},"loc":{"start":{"line":1962,"column":25},"end":{"line":1970,"column":2}},"line":1962},"94":{"name":"(anonymous_94)","decl":{"start":{"line":1985,"column":9},"end":{"line":1985,"column":16}},"loc":{"start":{"line":1985,"column":25},"end":{"line":2000,"column":2}},"line":1985},"95":{"name":"(anonymous_95)","decl":{"start":{"line":2025,"column":9},"end":{"line":2025,"column":16}},"loc":{"start":{"line":2025,"column":25},"end":{"line":2042,"column":2}},"line":2025},"96":{"name":"(anonymous_96)","decl":{"start":{"line":2031,"column":24},"end":{"line":2031,"column":30}},"loc":{"start":{"line":2031,"column":30},"end":{"line":2036,"column":4}},"line":2031},"97":{"name":"(anonymous_97)","decl":{"start":{"line":2032,"column":17},"end":{"line":2032,"column":23}},"loc":{"start":{"line":2032,"column":23},"end":{"line":2035,"column":5}},"line":2032},"98":{"name":"(anonymous_98)","decl":{"start":{"line":2054,"column":9},"end":{"line":2054,"column":16}},"loc":{"start":{"line":2054,"column":25},"end":{"line":2071,"column":2}},"line":2054},"99":{"name":"(anonymous_99)","decl":{"start":{"line":2060,"column":24},"end":{"line":2060,"column":30}},"loc":{"start":{"line":2060,"column":30},"end":{"line":2065,"column":4}},"line":2060},"100":{"name":"(anonymous_100)","decl":{"start":{"line":2061,"column":17},"end":{"line":2061,"column":23}},"loc":{"start":{"line":2061,"column":23},"end":{"line":2064,"column":5}},"line":2061}},"branchMap":{"0":{"loc":{"start":{"line":213,"column":2},"end":{"line":218,"column":null}},"type":"if","locations":[{"start":{"line":213,"column":2},"end":{"line":218,"column":null}},{"start":{},"end":{}}],"line":213},"1":{"loc":{"start":{"line":213,"column":6},"end":{"line":213,"column":52}},"type":"binary-expr","locations":[{"start":{"line":213,"column":6},"end":{"line":213,"column":28}},{"start":{"line":213,"column":28},"end":{"line":213,"column":52}}],"line":213},"2":{"loc":{"start":{"line":219,"column":2},"end":{"line":224,"column":null}},"type":"if","locations":[{"start":{"line":219,"column":2},"end":{"line":224,"column":null}},{"start":{},"end":{}}],"line":219},"3":{"loc":{"start":{"line":219,"column":6},"end":{"line":219,"column":52}},"type":"binary-expr","locations":[{"start":{"line":219,"column":6},"end":{"line":219,"column":31}},{"start":{"line":219,"column":31},"end":{"line":219,"column":52}}],"line":219},"4":{"loc":{"start":{"line":225,"column":2},"end":{"line":231,"column":null}},"type":"if","locations":[{"start":{"line":225,"column":2},"end":{"line":231,"column":null}},{"start":{},"end":{}}],"line":225},"5":{"loc":{"start":{"line":225,"column":6},"end":{"line":225,"column":80}},"type":"binary-expr","locations":[{"start":{"line":225,"column":6},"end":{"line":225,"column":32}},{"start":{"line":225,"column":32},"end":{"line":225,"column":80}}],"line":225},"6":{"loc":{"start":{"line":225,"column":34},"end":{"line":225,"column":80}},"type":"binary-expr","locations":[{"start":{"line":225,"column":34},"end":{"line":225,"column":56}},{"start":{"line":225,"column":56},"end":{"line":225,"column":80}}],"line":225},"7":{"loc":{"start":{"line":234,"column":17},"end":{"line":234,"column":66}},"type":"default-arg","locations":[{"start":{"line":234,"column":39},"end":{"line":234,"column":66}}],"line":234},"8":{"loc":{"start":{"line":237,"column":1},"end":{"line":241,"column":null}},"type":"if","locations":[{"start":{"line":237,"column":1},"end":{"line":241,"column":null}},{"start":{},"end":{}}],"line":237},"9":{"loc":{"start":{"line":253,"column":2},"end":{"line":255,"column":null}},"type":"cond-expr","locations":[{"start":{"line":254,"column":5},"end":{"line":254,"column":null}},{"start":{"line":255,"column":5},"end":{"line":255,"column":null}}],"line":253},"10":{"loc":{"start":{"line":253,"column":2},"end":{"line":253,"column":null}},"type":"binary-expr","locations":[{"start":{"line":253,"column":2},"end":{"line":253,"column":12}},{"start":{"line":253,"column":12},"end":{"line":253,"column":null}}],"line":253},"11":{"loc
[...]
,"/Users/steipete/Projects/warelay/src/commands/send.ts": {"path":"/Users/steipete/Projects/warelay/src/commands/send.ts","statementMap":{"0":{"start":{"line":15,"column":1},"end":{"line":15,"column":null}},"1":{"start":{"line":16,"column":21},"end":{"line":16,"column":null}},"2":{"start":{"line":17,"column":21},"end":{"line":17,"column":null}},"3":{"start":{"line":19,"column":1},"end":{"line":21,"column":null}},"4":{"start":{"line":20,"column":2},"end":{"line":20,"column":null}},"5":{"start":{"line":22,"column":1},"end":{"line":24,"column":null}},"6":{"start":{"line":23,"column":2},"end":{"line":23,"column":null}},"7":{"start":{"line":26,"column":1},"end":{"line":32,"column":null}},"8":{"start":{"line":27,"column":2},"end":{"line":29,"column":null}},"9":{"start":{"line":28,"column":3},"end":{"line":28,"column":null}},"10":{"start":{"line":30,"column":2},"end":{"line":30,"column":null}},"11":{"start":{"line":31,"column":2},"end":{"line":31,"column":null}},"12":{"start":{"line":34,"column":16},"end":{"line":34,"column":null}},"13":{"start":{"line":35,"column":1},"end":{"line":35,"column":null}},"14":{"start":{"line":35,"column":14},"end":{"line":35,"column":null}},"15":{"start":{"line":36,"column":1},"end":{"line":36,"column":null}},"16":{"start":{"line":36,"column":24},"end":{"line":36,"column":null}},"17":{"start":{"line":37,"column":1},"end":{"line":43,"column":null}}},"fnMap":{"0":{"name":"sendCommand","decl":{"start":{"line":4,"column":22},"end":{"line":4,"column":null}},"loc":{"start":{"line":14,"column":2},"end":{"line":44,"column":null}},"line":14}},"branchMap":{"0":{"loc":{"start":{"line":19,"column":1},"end":{"line":21,"column":null}},"type":"if","locations":[{"start":{"line":19,"column":1},"end":{"line":21,"column":null}},{"start":{},"end":{}}],"line":19},"1":{"loc":{"start":{"line":19,"column":5},"end":{"line":19,"column":51}},"type":"binary-expr","locations":[{"start":{"line":19,"column":5},"end":{"line":19,"column":34}},{"start":{"line":19,"column":34},"end":{"line":19,"column":51}}],"line":19},"2":{"loc":{"start":{"line":22,"column":1},"end":{"line":24,"column":null}},"type":"if","locations":[{"start":{"line":22,"column":1},"end":{"line":24,"column":null}},{"start":{},"end":{}}],"line":22},"3":{"loc":{"start":{"line":22,"column":5},"end":{"line":22,"column":52}},"type":"binary-expr","locations":[{"start":{"line":22,"column":5},"end":{"line":22,"column":34}},{"start":{"line":22,"column":34},"end":{"line":22,"column":52}}],"line":22},"4":{"loc":{"start":{"line":26,"column":1},"end":{"line":32,"column":null}},"type":"if","locations":[{"start":{"line":26,"column":1},"end":{"line":32,"column":null}},{"start":{},"end":{}}],"line":26},"5":{"loc":{"start":{"line":27,"column":2},"end":{"line":29,"column":null}},"type":"if","locations":[{"start":{"line":27,"column":2},"end":{"line":29,"column":null}},{"start":{},"end":{}}],"line":27},"6":{"loc":{"start":{"line":35,"column":1},"end":{"line":35,"column":null}},"type":"if","locations":[{"start":{"line":35,"column":1},"end":{"line":35,"column":null}},{"start":{},"end":{}}],"line":35},"7":{"loc":{"start":{"line":36,"column":1},"end":{"line":36,"column":null}},"type":"if","locations":[{"start":{"line":36,"column":1},"end":{"line":36,"column":null}},{"start":{},"end":{}}],"line":36}},"s":{"0":2,"1":2,"2":2,"3":2,"4":0,"5":2,"6":0,"7":2,"8":1,"9":0,"10":1,"11":1,"12":1,"13":1,"14":0,"15":1,"16":1,"17":0},"f":{"0":2},"b":{"0":[0,2],"1":[2,2],"2":[0,2],"3":[2,2],"4":[1,1],"5":[0,1],"6":[0,1],"7":[1,0]},"meta":{"lastBranch":8,"lastFunction":1,"lastStatement":18,"seen":{"f:4:22:4:Infinity":0,"s:15:1:15:Infinity":0,"s:16:21:16:Infinity":1,"s:17:21:17:Infinity":2,"b:19:1:21:Infinity:undefined:undefined:undefined:undefined":0,"s:19:1:21:Infinity":3,"b:19:5:19:34:19:34:19:51":1,"s:20:2:20:Infinity":4,"b:22:1:24:Infinity:undefined:undefined:undefined:undefined":2,"s:22:1:24:Infinity":5,"b:22:5:22:34:22:34:22:52":3,"s:23:2:23:Infinity":6,"b:26:1:32:Infinity:undefined:undefined:undefined:undefined":4,"s:26:1:32:Infinity":7,"b:27:2:29:Infinity:undefined:undefined:undefined:undefined":5,"s:27:2:29:Infinity":8,"s:28:3:28:Infinity":9,"s:30:2:30:Infinity":10,"s:31:2:31:Infinity":11,"s:34:16:34:Infinity":12,"b:35:1:35:Infinity:undefined:undefined:undefined:undefined":6,"s:35:1:35:Infinity":13,"s:35:14:35:Infinity":14,"b:36:1:36:Infinity:undefined:undefined:undefined:undefined":7,"s:36:1:36:Infinity":15,"s:36:24:36:Infinity":16,"s:37:1:43:Infinity":17}}}
,"/Users/steipete/Projects/warelay/src/commands/status.ts": {"path":"/Users/steipete/Projects/warelay/src/commands/status.ts","statementMap":{"0":{"start":{"line":9,"column":15},"end":{"line":9,"column":null}},"1":{"start":{"line":10,"column":25},"end":{"line":10,"column":null}},"2":{"start":{"line":11,"column":1},"end":{"line":13,"column":null}},"3":{"start":{"line":12,"column":2},"end":{"line":12,"column":null}},"4":{"start":{"line":14,"column":1},"end":{"line":16,"column":null}},"5":{"start":{"line":15,"column":2},"end":{"line":15,"column":null}},"6":{"start":{"line":18,"column":18},"end":{"line":18,"column":null}},"7":{"start":{"line":19,"column":1},"end":{"line":22,"column":null}},"8":{"start":{"line":20,"column":2},"end":{"line":20,"column":null}},"9":{"start":{"line":21,"column":2},"end":{"line":21,"column":null}},"10":{"start":{"line":23,"column":1},"end":{"line":26,"column":null}},"11":{"start":{"line":24,"column":2},"end":{"line":24,"column":null}},"12":{"start":{"line":25,"column":2},"end":{"line":25,"column":null}},"13":{"start":{"line":27,"column":1},"end":{"line":29,"column":null}},"14":{"start":{"line":28,"column":2},"end":{"line":28,"column":null}}},"fnMap":{"0":{"name":"statusCommand","decl":{"start":{"line":4,"column":22},"end":{"line":4,"column":null}},"loc":{"start":{"line":8,"column":2},"end":{"line":30,"column":null}},"line":8}},"branchMap":{"0":{"loc":{"start":{"line":11,"column":1},"end":{"line":13,"column":null}},"type":"if","locations":[{"start":{"line":11,"column":1},"end":{"line":13,"column":null}},{"start":{},"end":{}}],"line":11},"1":{"loc":{"start":{"line":11,"column":5},"end":{"line":11,"column":55}},"type":"binary-expr","locations":[{"start":{"line":11,"column":5},"end":{"line":11,"column":28}},{"start":{"line":11,"column":28},"end":{"line":11,"column":42}},{"start":{"line":11,"column":42},"end":{"line":11,"column":55}}],"line":11},"2":{"loc":{"start":{"line":14,"column":1},"end":{"line":16,"column":null}},"type":"if","locations":[{"start":{"line":14,"column":1},"end":{"line":16,"column":null}},{"start":{},"end":{}}],"line":14},"3":{"loc":{"start":{"line":14,"column":5},"end":{"line":14,"column":60}},"type":"binary-expr","locations":[{"start":{"line":14,"column":5},"end":{"line":14,"column":38}},{"start":{"line":14,"column":38},"end":{"line":14,"column":60}}],"line":14},"4":{"loc":{"start":{"line":19,"column":1},"end":{"line":22,"column":null}},"type":"if","locations":[{"start":{"line":19,"column":1},"end":{"line":22,"column":null}},{"start":{},"end":{}}],"line":19},"5":{"loc":{"start":{"line":23,"column":1},"end":{"line":26,"column":null}},"type":"if","locations":[{"start":{"line":23,"column":1},"end":{"line":26,"column":null}},{"start":{},"end":{}}],"line":23}},"s":{"0":1,"1":1,"2":1,"3":0,"4":1,"5":0,"6":1,"7":1,"8":1,"9":1,"10":0,"11":0,"12":0,"13":0,"14":0},"f":{"0":1},"b":{"0":[0,1],"1":[1,1,1],"2":[0,1],"3":[1,1],"4":[1,0],"5":[0,0]},"meta":{"lastBranch":6,"lastFunction":1,"lastStatement":15,"seen":{"f:4:22:4:Infinity":0,"s:9:15:9:Infinity":0,"s:10:25:10:Infinity":1,"b:11:1:13:Infinity:undefined:undefined:undefined:undefined":0,"s:11:1:13:Infinity":2,"b:11:5:11:28:11:28:11:42:11:42:11:55":1,"s:12:2:12:Infinity":3,"b:14:1:16:Infinity:undefined:undefined:undefined:undefined":2,"s:14:1:16:Infinity":4,"b:14:5:14:38:14:38:14:60":3,"s:15:2:15:Infinity":5,"s:18:18:18:Infinity":6,"b:19:1:22:Infinity:undefined:undefined:undefined:undefined":4,"s:19:1:22:Infinity":7,"s:20:2:20:Infinity":8,"s:21:2:21:Infinity":9,"b:23:1:26:Infinity:undefined:undefined:undefined:undefined":5,"s:23:1:26:Infinity":10,"s:24:2:24:Infinity":11,"s:25:2:25:Infinity":12,"s:27:1:29:Infinity":13,"s:28:2:28:Infinity":14}}}
,"/Users/steipete/Projects/warelay/src/commands/up.ts": {"path":"/Users/steipete/Projects/warelay/src/commands/up.ts","statementMap":{"0":{"start":{"line":10,"column":14},"end":{"line":10,"column":null}},"1":{"start":{"line":11,"column":1},"end":{"line":13,"column":null}},"2":{"start":{"line":12,"column":2},"end":{"line":12,"column":null}},"3":{"start":{"line":15,"column":1},"end":{"line":15,"column":null}},"4":{"start":{"line":16,"column":13},"end":{"line":16,"column":null}},"5":{"start":{"line":17,"column":1},"end":{"line":17,"column":null}},"6":{"start":{"line":18,"column":1},"end":{"line":18,"column":null}},"7":{"start":{"line":19,"column":14},"end":{"line":19,"column":null}},"8":{"start":{"line":20,"column":19},"end":{"line":20,"column":null}},"9":{"start":{"line":21,"column":1},"end":{"line":21,"column":null}},"10":{"start":{"line":23,"column":16},"end":{"line":29,"column":null}},"11":{"start":{"line":31,"column":22},"end":{"line":31,"column":null}},"12":{"start":{"line":32,"column":19},"end":{"line":37,"column":null}},"13":{"start":{"line":38,"column":1},"end":{"line":44,"column":null}},"14":{"start":{"line":46,"column":1},"end":{"line":48,"column":null}},"15":{"start":{"line":50,"column":1},"end":{"line":50,"column":null}}},"fnMap":{"0":{"name":"upCommand","decl":{"start":{"line":4,"column":22},"end":{"line":4,"column":null}},"loc":{"start":{"line":9,"column":2},"end":{"line":51,"column":null}},"line":9}},"branchMap":{"0":{"loc":{"start":{"line":8,"column":1},"end":{"line":8,"column":null}},"type":"default-arg","locations":[{"start":{"line":8,"column":37},"end":{"line":8,"column":null}}],"line":8},"1":{"loc":{"start":{"line":11,"column":1},"end":{"line":13,"column":null}},"type":"if","locations":[{"start":{"line":11,"column":1},"end":{"line":13,"column":null}},{"start":{},"end":{}}],"line":11},"2":{"loc":{"start":{"line":11,"column":5},"end":{"line":11,"column":55}},"type":"binary-expr","locations":[{"start":{"line":11,"column":5},"end":{"line":11,"column":27}},{"start":{"line":11,"column":27},"end":{"line":11,"column":40}},{"start":{"line":11,"column":40},"end":{"line":11,"column":55}}],"line":11},"3":{"loc":{"start":{"line":31,"column":22},"end":{"line":31,"column":null}},"type":"cond-expr","locations":[{"start":{"line":31,"column":42},"end":{"line":31,"column":67}},{"start":{"line":31,"column":67},"end":{"line":31,"column":null}}],"line":31}},"s":{"0":0,"1":0,"2":0,"3":0,"4":0,"5":0,"6":0,"7":0,"8":0,"9":0,"10":0,"11":0,"12":0,"13":0,"14":0,"15":0},"f":{"0":0},"b":{"0":[0],"1":[0,0],"2":[0,0,0],"3":[0,0]},"meta":{"lastBranch":4,"lastFunction":1,"lastStatement":16,"seen":{"f:4:22:4:Infinity":0,"b:8:37:8:Infinity":0,"s:10:14:10:Infinity":0,"b:11:1:13:Infinity:undefined:undefined:undefined:undefined":1,"s:11:1:13:Infinity":1,"b:11:5:11:27:11:27:11:40:11:40:11:55":2,"s:12:2:12:Infinity":2,"s:15:1:15:Infinity":3,"s:16:13:16:Infinity":4,"s:17:1:17:Infinity":5,"s:18:1:18:Infinity":6,"s:19:14:19:Infinity":7,"s:20:19:20:Infinity":8,"s:21:1:21:Infinity":9,"s:23:16:29:Infinity":10,"s:31:22:31:Infinity":11,"b:31:42:31:67:31:67:31:Infinity":3,"s:32:19:37:Infinity":12,"s:38:1:44:Infinity":13,"s:46:1:48:Infinity":14,"s:50:1:50:Infinity":15}}}
,"/Users/steipete/Projects/warelay/src/commands/webhook.ts": {"path":"/Users/steipete/Projects/warelay/src/commands/webhook.ts","statementMap":{"0":{"start":{"line":8,"column":14},"end":{"line":8,"column":null}},"1":{"start":{"line":9,"column":1},"end":{"line":11,"column":null}},"2":{"start":{"line":10,"column":2},"end":{"line":10,"column":null}},"3":{"start":{"line":12,"column":1},"end":{"line":12,"column":null}},"4":{"start":{"line":13,"column":16},"end":{"line":19,"column":null}},"5":{"start":{"line":20,"column":1},"end":{"line":20,"column":null}}},"fnMap":{"0":{"name":"webhookCommand","decl":{"start":{"line":3,"column":22},"end":{"line":3,"column":null}},"loc":{"start":{"line":7,"column":2},"end":{"line":21,"column":null}},"line":7}},"branchMap":{"0":{"loc":{"start":{"line":9,"column":1},"end":{"line":11,"column":null}},"type":"if","locations":[{"start":{"line":9,"column":1},"end":{"line":11,"column":null}},{"start":{},"end":{}}],"line":9},"1":{"loc":{"start":{"line":9,"column":5},"end":{"line":9,"column":55}},"type":"binary-expr","locations":[{"start":{"line":9,"column":5},"end":{"line":9,"column":27}},{"start":{"line":9,"column":27},"end":{"line":9,"column":40}},{"start":{"line":9,"column":40},"end":{"line":9,"column":55}}],"line":9}},"s":{"0":0,"1":0,"2":0,"3":0,"4":0,"5":0},"f":{"0":0},"b":{"0":[0,0],"1":[0,0,0]},"meta":{"lastBranch":2,"lastFunction":1,"lastStatement":6,"seen":{"f:3:22:3:Infinity":0,"s:8:14:8:Infinity":0,"b:9:1:11:Infinity:undefined:undefined:undefined:undefined":0,"s:9:1:11:Infinity":1,"b:9:5:9:27:9:27:9:40:9:40:9:55":1,"s:10:2:10:Infinity":2,"s:12:1:12:Infinity":3,"s:13:16:19:Infinity":4,"s:20:1:20:Infinity":5}}}
,"/Users/steipete/Projects/warelay/test/mocks/baileys.ts": {"path":"/Users/steipete/Projects/warelay/test/mocks/baileys.ts","statementMap":{"0":{"start":{"line":22,"column":38},"end":{"line":22,"column":null}},"1":{"start":{"line":23,"column":22},"end":{"line":35,"column":null}},"2":{"start":{"line":24,"column":13},"end":{"line":24,"column":null}},"3":{"start":{"line":25,"column":34},"end":{"line":31,"column":null}},"4":{"start":{"line":32,"column":2},"end":{"line":32,"column":null}},"5":{"start":{"line":32,"column":21},"end":{"line":32,"column":73}},"6":{"start":{"line":33,"column":2},"end":{"line":33,"column":null}},"7":{"start":{"line":34,"column":2},"end":{"line":34,"column":null}},"8":{"start":{"line":37,"column":32},"end":{"line":47,"column":null}},"9":{"start":{"line":40,"column":56},"end":{"line":40,"column":60}},"10":{"start":{"line":42,"column":44},"end":{"line":45,"column":4}},"11":{"start":{"line":46,"column":30},"end":{"line":46,"column":null}},"12":{"start":{"line":49,"column":1},"end":{"line":52,"column":null}},"13":{"start":{"line":51,"column":20},"end":{"line":51,"column":null}}},"fnMap":{"0":{"name":"createMockBaileys","decl":{"start":{"line":21,"column":16},"end":{"line":21,"column":101}},"loc":{"start":{"line":21,"column":101},"end":{"line":53,"column":null}},"line":21},"1":{"name":"(anonymous_1)","decl":{"start":{"line":23,"column":28},"end":{"line":23,"column":29}},"loc":{"start":{"line":23,"column":47},"end":{"line":35,"column":2}},"line":23},"2":{"name":"(anonymous_2)","decl":{"start":{"line":32,"column":15},"end":{"line":32,"column":21}},"loc":{"start":{"line":32,"column":21},"end":{"line":32,"column":73}},"line":32},"3":{"name":"(anonymous_3)","decl":{"start":{"line":40,"column":37},"end":{"line":40,"column":38}},"loc":{"start":{"line":40,"column":56},"end":{"line":40,"column":60}},"line":40},"4":{"name":"(anonymous_4)","decl":{"start":{"line":42,"column":31},"end":{"line":42,"column":44}},"loc":{"start":{"line":42,"column":44},"end":{"line":45,"column":4}},"line":42},"5":{"name":"(anonymous_5)","decl":{"start":{"line":46,"column":13},"end":{"line":46,"column":14}},"loc":{"start":{"line":46,"column":30},"end":{"line":46,"column":null}},"line":46},"6":{"name":"(anonymous_6)","decl":{"start":{"line":51,"column":14},"end":{"line":51,"column":20}},"loc":{"start":{"line":51,"column":20},"end":{"line":51,"column":null}},"line":51}},"branchMap":{},"s":{"0":7,"1":7,"2":3,"3":3,"4":3,"5":3,"6":3,"7":3,"8":7,"9":4,"10":4,"11":0,"12":7,"13":3},"f":{"0":7,"1":3,"2":3,"3":4,"4":4,"5":0,"6":3},"b":{},"meta":{"lastBranch":0,"lastFunction":7,"lastStatement":14,"seen":{"f:21:16:21:101":0,"s:22:38:22:Infinity":0,"s:23:22:35:Infinity":1,"f:23:28:23:29":1,"s:24:13:24:Infinity":2,"s:25:34:31:Infinity":3,"s:32:2:32:Infinity":4,"f:32:15:32:21":2,"s:32:21:32:73":5,"s:33:2:33:Infinity":6,"s:34:2:34:Infinity":7,"s:37:32:47:Infinity":8,"f:40:37:40:38":3,"s:40:56:40:60":9,"f:42:31:42:44":4,"s:42:44:45:4":10,"f:46:13:46:14":5,"s:46:30:46:Infinity":11,"s:49:1:52:Infinity":12,"f:51:14:51:20":6,"s:51:20:51:Infinity":13}}}
,"/Users/steipete/Projects/warelay/test/mocks/twilio.ts": {"path":"/Users/steipete/Projects/warelay/test/mocks/twilio.ts","statementMap":{"0":{"start":{"line":18,"column":18},"end":{"line":18,"column":null}},"1":{"start":{"line":18,"column":43},"end":{"line":18,"column":62}},"2":{"start":{"line":19,"column":1},"end":{"line":19,"column":null}},"3":{"start":{"line":20,"column":1},"end":{"line":20,"column":null}},"4":{"start":{"line":22,"column":25},"end":{"line":25,"column":null}},"5":{"start":{"line":22,"column":50},"end":{"line":25,"column":3}},"6":{"start":{"line":26,"column":1},"end":{"line":26,"column":null}},"7":{"start":{"line":28,"column":18},"end":{"line":28,"column":null}},"8":{"start":{"line":28,"column":31},"end":{"line":28,"column":67}},"9":{"start":{"line":30,"column":30},"end":{"line":32,"column":null}},"10":{"start":{"line":30,"column":55},"end":{"line":32,"column":3}},"11":{"start":{"line":33,"column":1},"end":{"line":33,"column":null}},"12":{"start":{"line":35,"column":34},"end":{"line":43,"column":null}},"13":{"start":{"line":45,"column":17},"end":{"line":45,"column":null}},"14":{"start":{"line":45,"column":29},"end":{"line":45,"column":35}},"15":{"start":{"line":46,"column":2},"end":{"line":46,"column":null}},"16":{"start":{"line":48,"column":1},"end":{"line":48,"column":null}}},"fnMap":{"0":{"name":"createMockTwilio","decl":{"start":{"line":17,"column":16},"end":{"line":17,"column":35}},"loc":{"start":{"line":17,"column":35},"end":{"line":49,"column":null}},"line":17},"1":{"name":"(anonymous_1)","decl":{"start":{"line":18,"column":24},"end":{"line":18,"column":25}},"loc":{"start":{"line":18,"column":43},"end":{"line":18,"column":62}},"line":18},"2":{"name":"(anonymous_2)","decl":{"start":{"line":22,"column":31},"end":{"line":22,"column":32}},"loc":{"start":{"line":22,"column":50},"end":{"line":25,"column":3}},"line":22},"3":{"name":"(anonymous_3)","decl":{"start":{"line":28,"column":24},"end":{"line":28,"column":31}},"loc":{"start":{"line":28,"column":31},"end":{"line":28,"column":67}},"line":28},"4":{"name":"(anonymous_4)","decl":{"start":{"line":30,"column":36},"end":{"line":30,"column":37}},"loc":{"start":{"line":30,"column":55},"end":{"line":32,"column":3}},"line":30},"5":{"name":"(anonymous_5)","decl":{"start":{"line":45,"column":23},"end":{"line":45,"column":29}},"loc":{"start":{"line":45,"column":29},"end":{"line":45,"column":35}},"line":45}},"branchMap":{},"s":{"0":1,"1":0,"2":1,"3":1,"4":1,"5":0,"6":1,"7":1,"8":0,"9":1,"10":0,"11":1,"12":1,"13":1,"14":2,"15":1,"16":1},"f":{"0":1,"1":0,"2":0,"3":0,"4":0,"5":2},"b":{},"meta":{"lastBranch":0,"lastFunction":6,"lastStatement":17,"seen":{"f:17:16:17:35":0,"s:18:18:18:Infinity":0,"f:18:24:18:25":1,"s:18:43:18:62":1,"s:19:1:19:Infinity":2,"s:20:1:20:Infinity":3,"s:22:25:25:Infinity":4,"f:22:31:22:32":2,"s:22:50:25:3":5,"s:26:1:26:Infinity":6,"s:28:18:28:Infinity":7,"f:28:24:28:31":3,"s:28:31:28:67":8,"s:30:30:32:Infinity":9,"f:30:36:30:37":4,"s:30:55:32:3":10,"s:33:1:33:Infinity":11,"s:35:34:43:Infinity":12,"s:45:17:45:Infinity":13,"f:45:23:45:29":5,"s:45:29:45:35":14,"s:46:2:46:Infinity":15,"s:48:1:48:Infinity":16}}}
}
